[0.068s] Invoking command in '/home/luojiafox/workspace/lf2026_sentry_ws/build/pb_nav2_plugins': CMAKE_PREFIX_PATH=${CMAKE_PREFIX_PATH}:/opt/ros/humble VIRTUAL_ENV_PROMPT=(rosvenv) /usr/bin/cmake /home/luojiafox/workspace/lf2026_sentry_ws/src/pb2025_sentry_nav/pb_nav2_plugins -DCMAKE_BUILD_TYPE=Release -DAMENT_CMAKE_SYMLINK_INSTALL=1 -DCMAKE_INSTALL_PREFIX=/home/luojiafox/workspace/lf2026_sentry_ws/install/pb_nav2_plugins
[0.119s] -- The C compiler identification is GNU 11.4.0
[0.191s] -- The CXX compiler identification is GNU 11.4.0
[0.199s] -- Detecting C compiler ABI info
[0.265s] -- Detecting C compiler ABI info - done
[0.272s] -- Check for working C compiler: /usr/bin/cc - skipped
[0.272s] -- Detecting C compile features
[0.272s] -- Detecting C compile features - done
[0.275s] -- Detecting CXX compiler ABI info
[0.328s] -- Detecting CXX compiler ABI info - done
[0.337s] -- Check for working CXX compiler: /usr/bin/c++ - skipped
[0.337s] -- Detecting CXX compile features
[0.337s] -- Detecting CXX compile features - done
[0.345s] -- Found ament_cmake_auto: 1.3.12 (/opt/ros/humble/share/ament_cmake_auto/cmake)
[0.479s] -- Found Python3: /home/luojiafox/venv/rosvenv/bin/python3 (found version "3.10.12") found components: Interpreter 
[0.531s] -- Override CMake install command with custom implementation using symlinks instead of copying resources
[0.795s] -- Found rosidl_generator_c: 3.1.7 (/opt/ros/humble/share/rosidl_generator_c/cmake)
[0.810s] -- Found rosidl_adapter: 3.1.7 (/opt/ros/humble/share/rosidl_adapter/cmake)
[0.831s] -- Found rosidl_generator_cpp: 3.1.7 (/opt/ros/humble/share/rosidl_generator_cpp/cmake)
[0.855s] -- Using all available rosidl_typesupport_c: rosidl_typesupport_fastrtps_c;rosidl_typesupport_introspection_c
[0.890s] -- Using all available rosidl_typesupport_cpp: rosidl_typesupport_fastrtps_cpp;rosidl_typesupport_introspection_cpp
[0.991s] -- Found rmw_implementation_cmake: 6.1.2 (/opt/ros/humble/share/rmw_implementation_cmake/cmake)
[0.999s] -- Found rmw_fastrtps_cpp: 6.2.8 (/opt/ros/humble/share/rmw_fastrtps_cpp/cmake)
[1.123s] -- Found OpenSSL: /usr/lib/x86_64-linux-gnu/libcrypto.so (found version "3.0.2")  
[1.167s] -- Found FastRTPS: /opt/ros/humble/include  
[1.221s] -- Using RMW implementation 'rmw_fastrtps_cpp' as default
[1.235s] -- Looking for pthread.h
[1.283s] -- Looking for pthread.h - found
[1.283s] -- Performing Test CMAKE_HAVE_LIBC_PTHREAD
[1.334s] -- Performing Test CMAKE_HAVE_LIBC_PTHREAD - Success
[1.335s] -- Found Threads: TRUE  
[1.640s] -- Found eigen3_cmake_module: 0.1.1 (/opt/ros/humble/share/eigen3_cmake_module/cmake)
[1.641s] -- Found Eigen3: TRUE (found version "3.4.0") 
[1.641s] -- Ensuring Eigen3 include directory is part of orocos-kdl CMake target
[2.695s] -- Found ament_lint_auto: 0.12.14 (/opt/ros/humble/share/ament_lint_auto/cmake)
[2.776s] [0mIn this package, headers install destination is set to `include` by ament_auto_package. It is recommended to install `include/pb_nav2_plugins` instead and will be the default behavior of ament_auto_package from ROS 2 Kilted Kaiju. On distributions before Kilted, ament_auto_package behaves the same way when you use USE_SCOPED_HEADER_INSTALL_DIR option.[0m
[2.782s] -- Added test 'copyright' to check source files copyright and LICENSE
[2.784s] -- Added test 'cppcheck' to perform static code analysis on C / C++ code
[2.784s] -- Configured cppcheck include dirs: /home/luojiafox/workspace/lf2026_sentry_ws/src/pb2025_sentry_nav/pb_nav2_plugins/include
[2.784s] -- Configured cppcheck exclude dirs and/or files: 
[2.786s] -- Added test 'cpplint' to check C / C++ code against the Google style
[2.786s] -- Configured cpplint exclude dirs and/or files: 
[2.787s] -- Added test 'lint_cmake' to check CMake code style
[2.788s] -- Added test 'xmllint' to check XML markup files
[2.789s] -- Added test 'clang_format' to check C / C++ code style
[2.793s] -- Configuring done
[2.926s] -- Generating done
[2.938s] -- Build files have been written to: /home/luojiafox/workspace/lf2026_sentry_ws/build/pb_nav2_plugins
[2.951s] Invoked command in '/home/luojiafox/workspace/lf2026_sentry_ws/build/pb_nav2_plugins' returned '0': CMAKE_PREFIX_PATH=${CMAKE_PREFIX_PATH}:/opt/ros/humble VIRTUAL_ENV_PROMPT=(rosvenv) /usr/bin/cmake /home/luojiafox/workspace/lf2026_sentry_ws/src/pb2025_sentry_nav/pb_nav2_plugins -DCMAKE_BUILD_TYPE=Release -DAMENT_CMAKE_SYMLINK_INSTALL=1 -DCMAKE_INSTALL_PREFIX=/home/luojiafox/workspace/lf2026_sentry_ws/install/pb_nav2_plugins
[2.953s] Invoking command in '/home/luojiafox/workspace/lf2026_sentry_ws/build/pb_nav2_plugins': CMAKE_PREFIX_PATH=${CMAKE_PREFIX_PATH}:/opt/ros/humble VIRTUAL_ENV_PROMPT=(rosvenv) /usr/bin/cmake --build /home/luojiafox/workspace/lf2026_sentry_ws/build/pb_nav2_plugins -- -j22 -l22
[3.006s] [ 25%] [32mBuilding CXX object CMakeFiles/pb_back_up_frees_space_behavior.dir/src/behaviors/back_up_free_space.cpp.o[0m
[14.559s] [ 50%] [32m[1mLinking CXX shared library libpb_back_up_frees_space_behavior.so[0m
[14.908s] [ 50%] Built target pb_back_up_frees_space_behavior
[14.926s] [ 75%] [32mBuilding CXX object CMakeFiles/layers.dir/src/layers/intensity_voxel_layer.cpp.o[0m
[21.212s] [100%] [32m[1mLinking CXX shared library liblayers.so[0m
[21.512s] [100%] Built target layers
[21.528s] Invoked command in '/home/luojiafox/workspace/lf2026_sentry_ws/build/pb_nav2_plugins' returned '0': CMAKE_PREFIX_PATH=${CMAKE_PREFIX_PATH}:/opt/ros/humble VIRTUAL_ENV_PROMPT=(rosvenv) /usr/bin/cmake --build /home/luojiafox/workspace/lf2026_sentry_ws/build/pb_nav2_plugins -- -j22 -l22
[21.530s] Invoking command in '/home/luojiafox/workspace/lf2026_sentry_ws/build/pb_nav2_plugins': CMAKE_PREFIX_PATH=${CMAKE_PREFIX_PATH}:/opt/ros/humble VIRTUAL_ENV_PROMPT=(rosvenv) /usr/bin/cmake --install /home/luojiafox/workspace/lf2026_sentry_ws/build/pb_nav2_plugins
[21.535s] -- Install configuration: "Release"
[21.535s] -- Execute custom install script
[21.535s] -- Symlinking: /home/luojiafox/workspace/lf2026_sentry_ws/install/pb_nav2_plugins/share/pb_nav2_plugins//behavior_plugin.xml
[21.546s] -- Symlinking: /home/luojiafox/workspace/lf2026_sentry_ws/install/pb_nav2_plugins/share/pb_nav2_plugins//costmap_plugins.xml
[21.551s] -- Symlinking: /home/luojiafox/workspace/lf2026_sentry_ws/install/pb_nav2_plugins/include/pb_nav2_plugins/behaviors/back_up_free_space.hpp
[21.562s] -- Symlinking: /home/luojiafox/workspace/lf2026_sentry_ws/install/pb_nav2_plugins/include/pb_nav2_plugins/layers/intensity_voxel_layer.hpp
[21.575s] -- Symlinking: /home/luojiafox/workspace/lf2026_sentry_ws/install/pb_nav2_plugins/share/pb_nav2_plugins/environment/library_path.sh
[21.592s] -- Symlinking: /home/luojiafox/workspace/lf2026_sentry_ws/install/pb_nav2_plugins/share/pb_nav2_plugins/environment/library_path.dsv
[21.602s] -- Symlinking: /home/luojiafox/workspace/lf2026_sentry_ws/install/pb_nav2_plugins/lib/libpb_back_up_frees_space_behavior.so
[21.610s] -- Symlinking: /home/luojiafox/workspace/lf2026_sentry_ws/install/pb_nav2_plugins/lib/liblayers.so
[21.616s] -- Symlinking: /home/luojiafox/workspace/lf2026_sentry_ws/install/pb_nav2_plugins/share/ament_index/resource_index/package_run_dependencies/pb_nav2_plugins
[21.623s] -- Symlinking: /home/luojiafox/workspace/lf2026_sentry_ws/install/pb_nav2_plugins/share/ament_index/resource_index/parent_prefix_path/pb_nav2_plugins
[21.629s] -- Symlinking: /home/luojiafox/workspace/lf2026_sentry_ws/install/pb_nav2_plugins/share/pb_nav2_plugins/environment/ament_prefix_path.sh
[21.637s] -- Symlinking: /home/luojiafox/workspace/lf2026_sentry_ws/install/pb_nav2_plugins/share/pb_nav2_plugins/environment/ament_prefix_path.dsv
[21.643s] -- Symlinking: /home/luojiafox/workspace/lf2026_sentry_ws/install/pb_nav2_plugins/share/pb_nav2_plugins/environment/path.sh
[21.649s] -- Symlinking: /home/luojiafox/workspace/lf2026_sentry_ws/install/pb_nav2_plugins/share/pb_nav2_plugins/environment/path.dsv
[21.656s] -- Symlinking: /home/luojiafox/workspace/lf2026_sentry_ws/install/pb_nav2_plugins/share/pb_nav2_plugins/local_setup.bash
[21.662s] -- Symlinking: /home/luojiafox/workspace/lf2026_sentry_ws/install/pb_nav2_plugins/share/pb_nav2_plugins/local_setup.sh
[21.668s] -- Symlinking: /home/luojiafox/workspace/lf2026_sentry_ws/install/pb_nav2_plugins/share/pb_nav2_plugins/local_setup.zsh
[21.675s] -- Symlinking: /home/luojiafox/workspace/lf2026_sentry_ws/install/pb_nav2_plugins/share/pb_nav2_plugins/local_setup.dsv
[21.681s] -- Symlinking: /home/luojiafox/workspace/lf2026_sentry_ws/install/pb_nav2_plugins/share/pb_nav2_plugins/package.dsv
[21.688s] -- Symlinking: /home/luojiafox/workspace/lf2026_sentry_ws/install/pb_nav2_plugins/share/ament_index/resource_index/packages/pb_nav2_plugins
[21.694s] -- Symlinking: /home/luojiafox/workspace/lf2026_sentry_ws/install/pb_nav2_plugins/share/ament_index/resource_index/nav2_core__pluginlib__plugin/pb_nav2_plugins
[21.701s] -- Symlinking: /home/luojiafox/workspace/lf2026_sentry_ws/install/pb_nav2_plugins/share/ament_index/resource_index/nav2_costmap_2d__pluginlib__plugin/pb_nav2_plugins
[21.711s] -- Symlinking: /home/luojiafox/workspace/lf2026_sentry_ws/install/pb_nav2_plugins/share/pb_nav2_plugins/cmake/ament_cmake_export_dependencies-extras.cmake
[21.723s] -- Symlinking: /home/luojiafox/workspace/lf2026_sentry_ws/install/pb_nav2_plugins/share/pb_nav2_plugins/cmake/ament_cmake_export_include_directories-extras.cmake
[21.729s] -- Symlinking: /home/luojiafox/workspace/lf2026_sentry_ws/install/pb_nav2_plugins/share/pb_nav2_plugins/cmake/ament_cmake_export_libraries-extras.cmake
[21.739s] -- Symlinking: /home/luojiafox/workspace/lf2026_sentry_ws/install/pb_nav2_plugins/share/pb_nav2_plugins/cmake/pb_nav2_pluginsConfig.cmake
[21.751s] -- Symlinking: /home/luojiafox/workspace/lf2026_sentry_ws/install/pb_nav2_plugins/share/pb_nav2_plugins/cmake/pb_nav2_pluginsConfig-version.cmake
[21.765s] -- Symlinking: /home/luojiafox/workspace/lf2026_sentry_ws/install/pb_nav2_plugins/share/pb_nav2_plugins/package.xml
[21.778s] Invoked command in '/home/luojiafox/workspace/lf2026_sentry_ws/build/pb_nav2_plugins' returned '0': CMAKE_PREFIX_PATH=${CMAKE_PREFIX_PATH}:/opt/ros/humble VIRTUAL_ENV_PROMPT=(rosvenv) /usr/bin/cmake --install /home/luojiafox/workspace/lf2026_sentry_ws/build/pb_nav2_plugins
