[0.076s] Invoking command in '/home/luojiafox/workspace/lf2026_sentry_ws/build/pb_omni_pid_pursuit_controller': CMAKE_PREFIX_PATH=${CMAKE_PREFIX_PATH}:/home/luojiafox/workspace/lf2026_sentry_ws/install/publish_anything_ros2_gui:/opt/ros/humble VIRTUAL_ENV_PROMPT=(rosvenv) /usr/bin/cmake --build /home/luojiafox/workspace/lf2026_sentry_ws/build/pb_omni_pid_pursuit_controller -- -j22 -l22
[0.129s] [35m[1mConsolidate compiler generated dependencies of target pb_omni_pid_pursuit_controller[0m
[0.146s] [100%] Built target pb_omni_pid_pursuit_controller
[0.414s] Invoked command in '/home/luojiafox/workspace/lf2026_sentry_ws/build/pb_omni_pid_pursuit_controller' returned '0': CMAKE_PREFIX_PATH=${CMAKE_PREFIX_PATH}:/home/luojiafox/workspace/lf2026_sentry_ws/install/publish_anything_ros2_gui:/opt/ros/humble VIRTUAL_ENV_PROMPT=(rosvenv) /usr/bin/cmake --build /home/luojiafox/workspace/lf2026_sentry_ws/build/pb_omni_pid_pursuit_controller -- -j22 -l22
[0.415s] Invoking command in '/home/luojiafox/workspace/lf2026_sentry_ws/build/pb_omni_pid_pursuit_controller': CMAKE_PREFIX_PATH=${CMAKE_PREFIX_PATH}:/home/luojiafox/workspace/lf2026_sentry_ws/install/publish_anything_ros2_gui:/opt/ros/humble VIRTUAL_ENV_PROMPT=(rosvenv) /usr/bin/cmake --install /home/luojiafox/workspace/lf2026_sentry_ws/build/pb_omni_pid_pursuit_controller
[0.444s] -- Install configuration: "Release"
[0.444s] -- Execute custom install script
[0.444s] -- Up-to-date symlink: /home/luojiafox/workspace/lf2026_sentry_ws/install/pb_omni_pid_pursuit_controller/share/pb_omni_pid_pursuit_controller//pb_omni_pid_pursuit_controller.xml
[0.444s] -- Up-to-date symlink: /home/luojiafox/workspace/lf2026_sentry_ws/install/pb_omni_pid_pursuit_controller/include/pb_omni_pid_pursuit_controller/omni_pid_pursuit_controller.hpp
[0.444s] -- Up-to-date symlink: /home/luojiafox/workspace/lf2026_sentry_ws/install/pb_omni_pid_pursuit_controller/include/pb_omni_pid_pursuit_controller/pid.hpp
[0.444s] -- Up-to-date symlink: /home/luojiafox/workspace/lf2026_sentry_ws/install/pb_omni_pid_pursuit_controller/share/pb_omni_pid_pursuit_controller/environment/library_path.sh
[0.444s] -- Up-to-date symlink: /home/luojiafox/workspace/lf2026_sentry_ws/install/pb_omni_pid_pursuit_controller/share/pb_omni_pid_pursuit_controller/environment/library_path.dsv
[0.444s] -- Up-to-date symlink: /home/luojiafox/workspace/lf2026_sentry_ws/install/pb_omni_pid_pursuit_controller/lib/libpb_omni_pid_pursuit_controller.so
[0.444s] -- Up-to-date symlink: /home/luojiafox/workspace/lf2026_sentry_ws/install/pb_omni_pid_pursuit_controller/share/ament_index/resource_index/package_run_dependencies/pb_omni_pid_pursuit_controller
[0.444s] -- Up-to-date symlink: /home/luojiafox/workspace/lf2026_sentry_ws/install/pb_omni_pid_pursuit_controller/share/ament_index/resource_index/parent_prefix_path/pb_omni_pid_pursuit_controller
[0.444s] -- Up-to-date symlink: /home/luojiafox/workspace/lf2026_sentry_ws/install/pb_omni_pid_pursuit_controller/share/pb_omni_pid_pursuit_controller/environment/ament_prefix_path.sh
[0.445s] -- Up-to-date symlink: /home/luojiafox/workspace/lf2026_sentry_ws/install/pb_omni_pid_pursuit_controller/share/pb_omni_pid_pursuit_controller/environment/ament_prefix_path.dsv
[0.445s] -- Up-to-date symlink: /home/luojiafox/workspace/lf2026_sentry_ws/install/pb_omni_pid_pursuit_controller/share/pb_omni_pid_pursuit_controller/environment/path.sh
[0.445s] -- Up-to-date symlink: /home/luojiafox/workspace/lf2026_sentry_ws/install/pb_omni_pid_pursuit_controller/share/pb_omni_pid_pursuit_controller/environment/path.dsv
[0.445s] -- Up-to-date symlink: /home/luojiafox/workspace/lf2026_sentry_ws/install/pb_omni_pid_pursuit_controller/share/pb_omni_pid_pursuit_controller/local_setup.bash
[0.445s] -- Up-to-date symlink: /home/luojiafox/workspace/lf2026_sentry_ws/install/pb_omni_pid_pursuit_controller/share/pb_omni_pid_pursuit_controller/local_setup.sh
[0.445s] -- Up-to-date symlink: /home/luojiafox/workspace/lf2026_sentry_ws/install/pb_omni_pid_pursuit_controller/share/pb_omni_pid_pursuit_controller/local_setup.zsh
[0.445s] -- Up-to-date symlink: /home/luojiafox/workspace/lf2026_sentry_ws/install/pb_omni_pid_pursuit_controller/share/pb_omni_pid_pursuit_controller/local_setup.dsv
[0.445s] -- Symlinking: /home/luojiafox/workspace/lf2026_sentry_ws/install/pb_omni_pid_pursuit_controller/share/pb_omni_pid_pursuit_controller/package.dsv
[0.445s] -- Up-to-date symlink: /home/luojiafox/workspace/lf2026_sentry_ws/install/pb_omni_pid_pursuit_controller/share/ament_index/resource_index/packages/pb_omni_pid_pursuit_controller
[0.445s] -- Up-to-date symlink: /home/luojiafox/workspace/lf2026_sentry_ws/install/pb_omni_pid_pursuit_controller/share/ament_index/resource_index/nav2_core__pluginlib__plugin/pb_omni_pid_pursuit_controller
[0.445s] -- Up-to-date symlink: /home/luojiafox/workspace/lf2026_sentry_ws/install/pb_omni_pid_pursuit_controller/share/pb_omni_pid_pursuit_controller/cmake/ament_cmake_export_dependencies-extras.cmake
[0.445s] -- Up-to-date symlink: /home/luojiafox/workspace/lf2026_sentry_ws/install/pb_omni_pid_pursuit_controller/share/pb_omni_pid_pursuit_controller/cmake/ament_cmake_export_include_directories-extras.cmake
[0.445s] -- Up-to-date symlink: /home/luojiafox/workspace/lf2026_sentry_ws/install/pb_omni_pid_pursuit_controller/share/pb_omni_pid_pursuit_controller/cmake/ament_cmake_export_libraries-extras.cmake
[0.445s] -- Up-to-date symlink: /home/luojiafox/workspace/lf2026_sentry_ws/install/pb_omni_pid_pursuit_controller/share/pb_omni_pid_pursuit_controller/cmake/pb_omni_pid_pursuit_controllerConfig.cmake
[0.445s] -- Up-to-date symlink: /home/luojiafox/workspace/lf2026_sentry_ws/install/pb_omni_pid_pursuit_controller/share/pb_omni_pid_pursuit_controller/cmake/pb_omni_pid_pursuit_controllerConfig-version.cmake
[0.445s] -- Up-to-date symlink: /home/luojiafox/workspace/lf2026_sentry_ws/install/pb_omni_pid_pursuit_controller/share/pb_omni_pid_pursuit_controller/package.xml
[0.495s] Invoked command in '/home/luojiafox/workspace/lf2026_sentry_ws/build/pb_omni_pid_pursuit_controller' returned '0': CMAKE_PREFIX_PATH=${CMAKE_PREFIX_PATH}:/home/luojiafox/workspace/lf2026_sentry_ws/install/publish_anything_ros2_gui:/opt/ros/humble VIRTUAL_ENV_PROMPT=(rosvenv) /usr/bin/cmake --install /home/luojiafox/workspace/lf2026_sentry_ws/build/pb_omni_pid_pursuit_controller
