[0.070s] Invoking command in '/home/luojiafox/workspace/lf2026_sentry_ws/build/fake_vel_transform': CMAKE_PREFIX_PATH=${CMAKE_PREFIX_PATH}:/opt/ros/humble VIRTUAL_ENV_PROMPT=(rosvenv) /usr/bin/cmake /home/luojiafox/workspace/lf2026_sentry_ws/src/pb2025_sentry_nav/fake_vel_transform -DCMAKE_BUILD_TYPE=Release -DAMENT_CMAKE_SYMLINK_INSTALL=1 -DCMAKE_INSTALL_PREFIX=/home/luojiafox/workspace/lf2026_sentry_ws/install/fake_vel_transform
[0.145s] -- The C compiler identification is GNU 11.4.0
[0.205s] -- The CXX compiler identification is GNU 11.4.0
[0.213s] -- Detecting C compiler ABI info
[0.288s] -- Detecting C compiler ABI info - done
[0.289s] -- Check for working C compiler: /usr/bin/cc - skipped
[0.289s] -- Detecting C compile features
[0.289s] -- Detecting C compile features - done
[0.291s] -- Detecting CXX compiler ABI info
[0.360s] -- Detecting CXX compiler ABI info - done
[0.368s] -- Check for working CXX compiler: /usr/bin/c++ - skipped
[0.369s] -- Detecting CXX compile features
[0.369s] -- Detecting CXX compile features - done
[0.377s] -- Found ament_cmake_auto: 1.3.12 (/opt/ros/humble/share/ament_cmake_auto/cmake)
[0.525s] -- Found Python3: /home/luojiafox/venv/rosvenv/bin/python3 (found version "3.10.12") found components: Interpreter 
[0.571s] -- Override CMake install command with custom implementation using symlinks instead of copying resources
[0.791s] -- Found rosidl_generator_c: 3.1.7 (/opt/ros/humble/share/rosidl_generator_c/cmake)
[0.806s] -- Found rosidl_adapter: 3.1.7 (/opt/ros/humble/share/rosidl_adapter/cmake)
[0.827s] -- Found rosidl_generator_cpp: 3.1.7 (/opt/ros/humble/share/rosidl_generator_cpp/cmake)
[0.851s] -- Using all available rosidl_typesupport_c: rosidl_typesupport_fastrtps_c;rosidl_typesupport_introspection_c
[0.886s] -- Using all available rosidl_typesupport_cpp: rosidl_typesupport_fastrtps_cpp;rosidl_typesupport_introspection_cpp
[0.987s] -- Found rmw_implementation_cmake: 6.1.2 (/opt/ros/humble/share/rmw_implementation_cmake/cmake)
[0.995s] -- Found rmw_fastrtps_cpp: 6.2.8 (/opt/ros/humble/share/rmw_fastrtps_cpp/cmake)
[1.120s] -- Found OpenSSL: /usr/lib/x86_64-linux-gnu/libcrypto.so (found version "3.0.2")  
[1.164s] -- Found FastRTPS: /opt/ros/humble/include  
[1.232s] -- Using RMW implementation 'rmw_fastrtps_cpp' as default
[1.258s] -- Looking for pthread.h
[1.310s] -- Looking for pthread.h - found
[1.310s] -- Performing Test CMAKE_HAVE_LIBC_PTHREAD
[1.360s] -- Performing Test CMAKE_HAVE_LIBC_PTHREAD - Success
[1.361s] -- Found Threads: TRUE  
[1.730s] -- Found eigen3_cmake_module: 0.1.1 (/opt/ros/humble/share/eigen3_cmake_module/cmake)
[1.731s] -- Found Eigen3: TRUE (found version "3.4.0") 
[1.731s] -- Ensuring Eigen3 include directory is part of orocos-kdl CMake target
[1.771s] -- Found ament_lint_auto: 0.12.14 (/opt/ros/humble/share/ament_lint_auto/cmake)
[1.854s] [0mIn this package, headers install destination is set to `include` by ament_auto_package. It is recommended to install `include/fake_vel_transform` instead and will be the default behavior of ament_auto_package from ROS 2 Kilted Kaiju. On distributions before Kilted, ament_auto_package behaves the same way when you use USE_SCOPED_HEADER_INSTALL_DIR option.[0m
[1.859s] -- Added test 'copyright' to check source files copyright and LICENSE
[1.860s] -- Added test 'cppcheck' to perform static code analysis on C / C++ code
[1.860s] -- Configured cppcheck include dirs: /home/luojiafox/workspace/lf2026_sentry_ws/src/pb2025_sentry_nav/fake_vel_transform/include
[1.860s] -- Configured cppcheck exclude dirs and/or files: 
[1.863s] -- Added test 'cpplint' to check C / C++ code against the Google style
[1.864s] -- Configured cpplint exclude dirs and/or files: 
[1.864s] -- Added test 'lint_cmake' to check CMake code style
[1.864s] -- Added test 'pep257' to check Python code against some of the docstring style conventions in PEP 257
[1.864s] -- Added test 'xmllint' to check XML markup files
[1.864s] -- Added test 'clang_format' to check C / C++ code style
[1.867s] -- Added test 'black' to check Python code style
[1.867s] -- Configuring done
[1.880s] -- Generating done
[1.887s] -- Build files have been written to: /home/luojiafox/workspace/lf2026_sentry_ws/build/fake_vel_transform
[1.905s] Invoked command in '/home/luojiafox/workspace/lf2026_sentry_ws/build/fake_vel_transform' returned '0': CMAKE_PREFIX_PATH=${CMAKE_PREFIX_PATH}:/opt/ros/humble VIRTUAL_ENV_PROMPT=(rosvenv) /usr/bin/cmake /home/luojiafox/workspace/lf2026_sentry_ws/src/pb2025_sentry_nav/fake_vel_transform -DCMAKE_BUILD_TYPE=Release -DAMENT_CMAKE_SYMLINK_INSTALL=1 -DCMAKE_INSTALL_PREFIX=/home/luojiafox/workspace/lf2026_sentry_ws/install/fake_vel_transform
[1.907s] Invoking command in '/home/luojiafox/workspace/lf2026_sentry_ws/build/fake_vel_transform': CMAKE_PREFIX_PATH=${CMAKE_PREFIX_PATH}:/opt/ros/humble VIRTUAL_ENV_PROMPT=(rosvenv) /usr/bin/cmake --build /home/luojiafox/workspace/lf2026_sentry_ws/build/fake_vel_transform -- -j22 -l22
[1.960s] [ 25%] [32mBuilding CXX object CMakeFiles/fake_vel_transform.dir/src/fake_vel_transform.cpp.o[0m
[1.961s] [ 50%] [32mBuilding CXX object CMakeFiles/fake_vel_transform_node.dir/rclcpp_components/node_main_fake_vel_transform_node.cpp.o[0m
[5.041s] [ 75%] [32m[1mLinking CXX executable fake_vel_transform_node[0m
[5.245s] [ 75%] Built target fake_vel_transform_node
[27.345s] [100%] [32m[1mLinking CXX shared library libfake_vel_transform.so[0m
[27.704s] [100%] Built target fake_vel_transform
[27.715s] Invoked command in '/home/luojiafox/workspace/lf2026_sentry_ws/build/fake_vel_transform' returned '0': CMAKE_PREFIX_PATH=${CMAKE_PREFIX_PATH}:/opt/ros/humble VIRTUAL_ENV_PROMPT=(rosvenv) /usr/bin/cmake --build /home/luojiafox/workspace/lf2026_sentry_ws/build/fake_vel_transform -- -j22 -l22
[27.716s] Invoking command in '/home/luojiafox/workspace/lf2026_sentry_ws/build/fake_vel_transform': CMAKE_PREFIX_PATH=${CMAKE_PREFIX_PATH}:/opt/ros/humble VIRTUAL_ENV_PROMPT=(rosvenv) /usr/bin/cmake --install /home/luojiafox/workspace/lf2026_sentry_ws/build/fake_vel_transform
[27.719s] -- Install configuration: "Release"
[27.719s] -- Execute custom install script
[27.720s] -- Symlinking: /home/luojiafox/workspace/lf2026_sentry_ws/install/fake_vel_transform/lib/fake_vel_transform/fake_vel_transform_node
[27.726s] -- Symlinking: /home/luojiafox/workspace/lf2026_sentry_ws/install/fake_vel_transform/include/fake_vel_transform/fake_vel_transform.hpp
[27.731s] -- Symlinking: /home/luojiafox/workspace/lf2026_sentry_ws/install/fake_vel_transform/share/fake_vel_transform/environment/library_path.sh
[27.737s] -- Symlinking: /home/luojiafox/workspace/lf2026_sentry_ws/install/fake_vel_transform/share/fake_vel_transform/environment/library_path.dsv
[27.742s] -- Symlinking: /home/luojiafox/workspace/lf2026_sentry_ws/install/fake_vel_transform/lib/libfake_vel_transform.so
[27.748s] -- Symlinking: /home/luojiafox/workspace/lf2026_sentry_ws/install/fake_vel_transform/share/fake_vel_transform/launch/fake_vel_transform_launch.py
[27.754s] -- Symlinking: /home/luojiafox/workspace/lf2026_sentry_ws/install/fake_vel_transform/share/ament_index/resource_index/package_run_dependencies/fake_vel_transform
[27.760s] -- Symlinking: /home/luojiafox/workspace/lf2026_sentry_ws/install/fake_vel_transform/share/ament_index/resource_index/parent_prefix_path/fake_vel_transform
[27.766s] -- Symlinking: /home/luojiafox/workspace/lf2026_sentry_ws/install/fake_vel_transform/share/fake_vel_transform/environment/ament_prefix_path.sh
[27.777s] -- Symlinking: /home/luojiafox/workspace/lf2026_sentry_ws/install/fake_vel_transform/share/fake_vel_transform/environment/ament_prefix_path.dsv
[27.783s] -- Symlinking: /home/luojiafox/workspace/lf2026_sentry_ws/install/fake_vel_transform/share/fake_vel_transform/environment/path.sh
[27.795s] -- Symlinking: /home/luojiafox/workspace/lf2026_sentry_ws/install/fake_vel_transform/share/fake_vel_transform/environment/path.dsv
[27.803s] -- Symlinking: /home/luojiafox/workspace/lf2026_sentry_ws/install/fake_vel_transform/share/fake_vel_transform/local_setup.bash
[27.810s] -- Symlinking: /home/luojiafox/workspace/lf2026_sentry_ws/install/fake_vel_transform/share/fake_vel_transform/local_setup.sh
[27.815s] -- Symlinking: /home/luojiafox/workspace/lf2026_sentry_ws/install/fake_vel_transform/share/fake_vel_transform/local_setup.zsh
[27.823s] -- Symlinking: /home/luojiafox/workspace/lf2026_sentry_ws/install/fake_vel_transform/share/fake_vel_transform/local_setup.dsv
[27.836s] -- Symlinking: /home/luojiafox/workspace/lf2026_sentry_ws/install/fake_vel_transform/share/fake_vel_transform/package.dsv
[27.842s] -- Symlinking: /home/luojiafox/workspace/lf2026_sentry_ws/install/fake_vel_transform/share/ament_index/resource_index/packages/fake_vel_transform
[27.849s] -- Symlinking: /home/luojiafox/workspace/lf2026_sentry_ws/install/fake_vel_transform/share/ament_index/resource_index/rclcpp_components/fake_vel_transform
[27.856s] -- Symlinking: /home/luojiafox/workspace/lf2026_sentry_ws/install/fake_vel_transform/share/fake_vel_transform/cmake/ament_cmake_export_dependencies-extras.cmake
[27.863s] -- Symlinking: /home/luojiafox/workspace/lf2026_sentry_ws/install/fake_vel_transform/share/fake_vel_transform/cmake/ament_cmake_export_include_directories-extras.cmake
[27.870s] -- Symlinking: /home/luojiafox/workspace/lf2026_sentry_ws/install/fake_vel_transform/share/fake_vel_transform/cmake/ament_cmake_export_libraries-extras.cmake
[27.877s] -- Symlinking: /home/luojiafox/workspace/lf2026_sentry_ws/install/fake_vel_transform/share/fake_vel_transform/cmake/fake_vel_transformConfig.cmake
[27.883s] -- Symlinking: /home/luojiafox/workspace/lf2026_sentry_ws/install/fake_vel_transform/share/fake_vel_transform/cmake/fake_vel_transformConfig-version.cmake
[27.889s] -- Symlinking: /home/luojiafox/workspace/lf2026_sentry_ws/install/fake_vel_transform/share/fake_vel_transform/package.xml
[27.898s] Invoked command in '/home/luojiafox/workspace/lf2026_sentry_ws/build/fake_vel_transform' returned '0': CMAKE_PREFIX_PATH=${CMAKE_PREFIX_PATH}:/opt/ros/humble VIRTUAL_ENV_PROMPT=(rosvenv) /usr/bin/cmake --install /home/luojiafox/workspace/lf2026_sentry_ws/build/fake_vel_transform
