[0.021s] Invoking command in '/home/luojiafox/workspace/lf2026_sentry_ws/build/point_lio': AMENT_PREFIX_PATH=/home/luojiafox/workspace/lf2026_sentry_ws/install/livox_ros_driver2:${AMENT_PREFIX_PATH} CMAKE_PREFIX_PATH=/home/luojiafox/workspace/lf2026_sentry_ws/install/livox_ros_driver2:/opt/ros/humble/opt/openeb_vendor:/opt/ros/humble/opt/libcaer_vendor:/opt/ros/humble LD_LIBRARY_PATH=/home/luojiafox/workspace/lf2026_sentry_ws/install/livox_ros_driver2/lib:${LD_LIBRARY_PATH} PYTHONPATH=/home/luojiafox/workspace/lf2026_sentry_ws/install/livox_ros_driver2/lib/python3.10/site-packages:${PYTHONPATH} VIRTUAL_ENV_PROMPT=(rosvenv) /usr/bin/cmake /home/luojiafox/workspace/lf2026_sentry_ws/src/pb2025_sentry_nav/point_lio -DCMAKE_BUILD_TYPE=Release -DAMENT_CMAKE_SYMLINK_INSTALL=1 -DCMAKE_INSTALL_PREFIX=/home/luojiafox/workspace/lf2026_sentry_ws/install/point_lio
[0.063s] -- The C compiler identification is GNU 11.4.0
[0.110s] -- The CXX compiler identification is GNU 11.4.0
[0.116s] -- Detecting C compiler ABI info
[0.179s] -- Detecting C compiler ABI info - done
[0.185s] -- Check for working C compiler: /usr/bin/cc - skipped
[0.185s] -- Detecting C compile features
[0.188s] -- Detecting C compile features - done
[0.191s] -- Detecting CXX compiler ABI info
[0.267s] -- Detecting CXX compiler ABI info - done
[0.272s] -- Check for working CXX compiler: /usr/bin/c++ - skipped
[0.272s] -- Detecting CXX compile features
[0.272s] -- Detecting CXX compile features - done
[0.278s] -- Processor number:  22
[0.278s] -- core for MP:  3
[0.286s] -- Found ament_cmake: 1.3.12 (/opt/ros/humble/share/ament_cmake/cmake)
[0.398s] -- Found Python3: /home/luojiafox/venv/rosvenv/bin/python3 (found version "3.10.12") found components: Interpreter 
[0.465s] -- Override CMake install command with custom implementation using symlinks instead of copying resources
[0.519s] -- Found rclcpp: 16.0.14 (/opt/ros/humble/share/rclcpp/cmake)
[0.575s] -- Found rosidl_generator_c: 3.1.7 (/opt/ros/humble/share/rosidl_generator_c/cmake)
[0.585s] -- Found rosidl_adapter: 3.1.7 (/opt/ros/humble/share/rosidl_adapter/cmake)
[0.597s] -- Found rosidl_generator_cpp: 3.1.7 (/opt/ros/humble/share/rosidl_generator_cpp/cmake)
[0.610s] -- Using all available rosidl_typesupport_c: rosidl_typesupport_fastrtps_c;rosidl_typesupport_introspection_c
[0.629s] -- Using all available rosidl_typesupport_cpp: rosidl_typesupport_fastrtps_cpp;rosidl_typesupport_introspection_cpp
[0.682s] -- Found rmw_implementation_cmake: 6.1.2 (/opt/ros/humble/share/rmw_implementation_cmake/cmake)
[0.687s] -- Found rmw_fastrtps_cpp: 6.2.8 (/opt/ros/humble/share/rmw_fastrtps_cpp/cmake)
[0.765s] -- Found OpenSSL: /usr/lib/x86_64-linux-gnu/libcrypto.so (found version "3.0.2")  
[0.800s] -- Found FastRTPS: /opt/ros/humble/include  
[0.839s] -- Using RMW implementation 'rmw_fastrtps_cpp' as default
[0.854s] -- Looking for pthread.h
[0.919s] -- Looking for pthread.h - found
[0.920s] -- Performing Test CMAKE_HAVE_LIBC_PTHREAD
[0.993s] -- Performing Test CMAKE_HAVE_LIBC_PTHREAD - Success
[0.995s] -- Found Threads: TRUE  
[1.067s] -- Found rclpy: 3.3.17 (/opt/ros/humble/share/rclpy/cmake)
[1.072s] -- Found geometry_msgs: 4.9.0 (/opt/ros/humble/share/geometry_msgs/cmake)
[1.086s] -- Found nav_msgs: 4.9.0 (/opt/ros/humble/share/nav_msgs/cmake)
[1.113s] -- Found sensor_msgs: 4.9.0 (/opt/ros/humble/share/sensor_msgs/cmake)
[1.139s] -- Found visualization_msgs: 4.9.0 (/opt/ros/humble/share/visualization_msgs/cmake)
[1.162s] -- Found pcl_ros: 2.4.5 (/opt/ros/humble/share/pcl_ros/cmake)
[1.215s] -- Checking for module 'eigen3'
[1.228s] --   Found eigen3, version 3.4.0
[1.268s] -- Found Eigen: /usr/include/eigen3 (Required is at least version "3.1") 
[1.268s] -- Eigen found (include: /usr/include/eigen3, version: 3.4.0)
[1.331s] -- Checking for module 'flann'
[1.346s] --   Found flann, version 1.9.1
[1.394s] -- Found FLANN: /usr/lib/x86_64-linux-gnu/libflann_cpp.so  
[1.394s] -- FLANN found (include: /usr/include, lib: /usr/lib/x86_64-linux-gnu/libflann_cpp.so)
[2.289s] -- Checking for module 'libusb-1.0'
[2.305s] --   Found libusb-1.0, version 1.0.25
[2.345s] -- Found libusb: /usr/lib/x86_64-linux-gnu/libusb-1.0.so  
[2.346s] -- OpenNI found (version: 1.5.4.0, include: /usr/include/ni, lib: /usr/lib/libOpenNI.so;libusb::libusb)
[2.407s] -- OpenNI2 found (version: 2.2.0.33, include: /usr/include/openni2, lib: /usr/lib/x86_64-linux-gnu/libOpenNI2.so;libusb::libusb)
[2.552s] -- Eigen found (include: /usr/include/eigen3, version: 3.4.0)
[2.560s] -- OpenNI found (version: 1.5.4.0, include: /usr/include/ni, lib: /usr/lib/libOpenNI.so;libusb::libusb)
[2.566s] -- OpenNI2 found (version: 2.2.0.33, include: /usr/include/openni2, lib: /usr/lib/x86_64-linux-gnu/libOpenNI2.so;libusb::libusb)
[2.718s] -- Found Qhull version 8.0.2
[2.844s] -- OpenNI found (version: 1.5.4.0, include: /usr/include/ni, lib: /usr/lib/libOpenNI.so;libusb::libusb)
[2.996s] -- Found PCL_COMMON: /usr/lib/x86_64-linux-gnu/libpcl_common.so  
[2.998s] -- Found PCL_KDTREE: /usr/lib/x86_64-linux-gnu/libpcl_kdtree.so  
[2.998s] -- Found PCL_OCTREE: /usr/lib/x86_64-linux-gnu/libpcl_octree.so  
[2.999s] -- Found PCL_SEARCH: /usr/lib/x86_64-linux-gnu/libpcl_search.so  
[2.999s] -- Found PCL_SAMPLE_CONSENSUS: /usr/lib/x86_64-linux-gnu/libpcl_sample_consensus.so  
[3.000s] -- Found PCL_FILTERS: /usr/lib/x86_64-linux-gnu/libpcl_filters.so  
[3.001s] -- Found PCL_2D: /usr/include/pcl-1.12  
[3.001s] -- Found PCL_GEOMETRY: /usr/include/pcl-1.12  
[3.002s] -- Found PCL_IO: /usr/lib/x86_64-linux-gnu/libpcl_io.so  
[3.002s] -- Found PCL_FEATURES: /usr/lib/x86_64-linux-gnu/libpcl_features.so  
[3.002s] -- Found PCL_ML: /usr/lib/x86_64-linux-gnu/libpcl_ml.so  
[3.003s] -- Found PCL_SEGMENTATION: /usr/lib/x86_64-linux-gnu/libpcl_segmentation.so  
[3.003s] -- Found PCL_VISUALIZATION: /usr/lib/x86_64-linux-gnu/libpcl_visualization.so  
[3.003s] -- Found PCL_SURFACE: /usr/lib/x86_64-linux-gnu/libpcl_surface.so  
[3.003s] -- Found PCL_REGISTRATION: /usr/lib/x86_64-linux-gnu/libpcl_registration.so  
[3.003s] -- Found PCL_KEYPOINTS: /usr/lib/x86_64-linux-gnu/libpcl_keypoints.so  
[3.004s] -- Found PCL_TRACKING: /usr/lib/x86_64-linux-gnu/libpcl_tracking.so  
[3.004s] -- Found PCL_RECOGNITION: /usr/lib/x86_64-linux-gnu/libpcl_recognition.so  
[3.005s] -- Found PCL_STEREO: /usr/lib/x86_64-linux-gnu/libpcl_stereo.so  
[3.006s] -- Found PCL_APPS: /usr/lib/x86_64-linux-gnu/libpcl_apps.so  
[3.011s] -- Found PCL_IN_HAND_SCANNER: /usr/include/pcl-1.12  
[3.011s] -- Found PCL_MODELER: /usr/include/pcl-1.12  
[3.011s] -- Found PCL_POINT_CLOUD_EDITOR: /usr/include/pcl-1.12  
[3.011s] -- Found PCL_OUTOFCORE: /usr/lib/x86_64-linux-gnu/libpcl_outofcore.so  
[3.012s] -- Found PCL_PEOPLE: /usr/lib/x86_64-linux-gnu/libpcl_people.so  
[3.059s] -- Found eigen3_cmake_module: 0.1.1 (/opt/ros/humble/share/eigen3_cmake_module/cmake)
[3.059s] -- Found Eigen3: TRUE (found version "3.4.0") 
[3.060s] -- Ensuring Eigen3 include directory is part of orocos-kdl CMake target
[3.147s] -- Found livox_ros_driver2: 1.1.0 (/home/luojiafox/workspace/lf2026_sentry_ws/install/livox_ros_driver2/share/livox_ros_driver2/cmake)
[3.470s] -- Found PythonLibs: /usr/lib/x86_64-linux-gnu/libpython3.10.so (found version "3.10.12") 
[3.545s] -- Configuring done
[3.572s] -- Generating done
[3.580s] -- Build files have been written to: /home/luojiafox/workspace/lf2026_sentry_ws/build/point_lio
[3.599s] Invoked command in '/home/luojiafox/workspace/lf2026_sentry_ws/build/point_lio' returned '0': AMENT_PREFIX_PATH=/home/luojiafox/workspace/lf2026_sentry_ws/install/livox_ros_driver2:${AMENT_PREFIX_PATH} CMAKE_PREFIX_PATH=/home/luojiafox/workspace/lf2026_sentry_ws/install/livox_ros_driver2:/opt/ros/humble/opt/openeb_vendor:/opt/ros/humble/opt/libcaer_vendor:/opt/ros/humble LD_LIBRARY_PATH=/home/luojiafox/workspace/lf2026_sentry_ws/install/livox_ros_driver2/lib:${LD_LIBRARY_PATH} PYTHONPATH=/home/luojiafox/workspace/lf2026_sentry_ws/install/livox_ros_driver2/lib/python3.10/site-packages:${PYTHONPATH} VIRTUAL_ENV_PROMPT=(rosvenv) /usr/bin/cmake /home/luojiafox/workspace/lf2026_sentry_ws/src/pb2025_sentry_nav/point_lio -DCMAKE_BUILD_TYPE=Release -DAMENT_CMAKE_SYMLINK_INSTALL=1 -DCMAKE_INSTALL_PREFIX=/home/luojiafox/workspace/lf2026_sentry_ws/install/point_lio
[3.601s] Invoking command in '/home/luojiafox/workspace/lf2026_sentry_ws/build/point_lio': AMENT_PREFIX_PATH=/home/luojiafox/workspace/lf2026_sentry_ws/install/livox_ros_driver2:${AMENT_PREFIX_PATH} CMAKE_PREFIX_PATH=/home/luojiafox/workspace/lf2026_sentry_ws/install/livox_ros_driver2:/opt/ros/humble/opt/openeb_vendor:/opt/ros/humble/opt/libcaer_vendor:/opt/ros/humble LD_LIBRARY_PATH=/home/luojiafox/workspace/lf2026_sentry_ws/install/livox_ros_driver2/lib:${LD_LIBRARY_PATH} PYTHONPATH=/home/luojiafox/workspace/lf2026_sentry_ws/install/livox_ros_driver2/lib/python3.10/site-packages:${PYTHONPATH} VIRTUAL_ENV_PROMPT=(rosvenv) /usr/bin/cmake --build /home/luojiafox/workspace/lf2026_sentry_ws/build/point_lio -- -j22 -l22
[3.657s] [ 14%] [32mBuilding CXX object CMakeFiles/pointlio_mapping.dir/src/laserMapping.cpp.o[0m
[3.658s] [ 28%] [32mBuilding CXX object CMakeFiles/pointlio_mapping.dir/src/IMU_Processing.cpp.o[0m
[3.660s] [ 71%] [32mBuilding CXX object CMakeFiles/pointlio_mapping.dir/src/parameters.cpp.o[0m
[3.660s] [ 71%] [32mBuilding CXX object CMakeFiles/pointlio_mapping.dir/src/Estimator.cpp.o[0m
[3.660s] [ 71%] [32mBuilding CXX object CMakeFiles/pointlio_mapping.dir/src/li_initialization.cpp.o[0m
[3.664s] [ 85%] [32mBuilding CXX object CMakeFiles/pointlio_mapping.dir/src/preprocess.cpp.o[0m
[42.412s] [100%] [32m[1mLinking CXX executable pointlio_mapping[0m
[42.960s] [100%] Built target pointlio_mapping
[42.971s] Invoked command in '/home/luojiafox/workspace/lf2026_sentry_ws/build/point_lio' returned '0': AMENT_PREFIX_PATH=/home/luojiafox/workspace/lf2026_sentry_ws/install/livox_ros_driver2:${AMENT_PREFIX_PATH} CMAKE_PREFIX_PATH=/home/luojiafox/workspace/lf2026_sentry_ws/install/livox_ros_driver2:/opt/ros/humble/opt/openeb_vendor:/opt/ros/humble/opt/libcaer_vendor:/opt/ros/humble LD_LIBRARY_PATH=/home/luojiafox/workspace/lf2026_sentry_ws/install/livox_ros_driver2/lib:${LD_LIBRARY_PATH} PYTHONPATH=/home/luojiafox/workspace/lf2026_sentry_ws/install/livox_ros_driver2/lib/python3.10/site-packages:${PYTHONPATH} VIRTUAL_ENV_PROMPT=(rosvenv) /usr/bin/cmake --build /home/luojiafox/workspace/lf2026_sentry_ws/build/point_lio -- -j22 -l22
[42.973s] Invoking command in '/home/luojiafox/workspace/lf2026_sentry_ws/build/point_lio': AMENT_PREFIX_PATH=/home/luojiafox/workspace/lf2026_sentry_ws/install/livox_ros_driver2:${AMENT_PREFIX_PATH} CMAKE_PREFIX_PATH=/home/luojiafox/workspace/lf2026_sentry_ws/install/livox_ros_driver2:/opt/ros/humble/opt/openeb_vendor:/opt/ros/humble/opt/libcaer_vendor:/opt/ros/humble LD_LIBRARY_PATH=/home/luojiafox/workspace/lf2026_sentry_ws/install/livox_ros_driver2/lib:${LD_LIBRARY_PATH} PYTHONPATH=/home/luojiafox/workspace/lf2026_sentry_ws/install/livox_ros_driver2/lib/python3.10/site-packages:${PYTHONPATH} VIRTUAL_ENV_PROMPT=(rosvenv) /usr/bin/cmake --install /home/luojiafox/workspace/lf2026_sentry_ws/build/point_lio
[42.981s] -- Install configuration: "Release"
[42.981s] -- Execute custom install script
[42.982s] -- Symlinking: /home/luojiafox/workspace/lf2026_sentry_ws/install/point_lio/lib/point_lio/pointlio_mapping
[42.988s] -- Symlinking: /home/luojiafox/workspace/lf2026_sentry_ws/install/point_lio/share/point_lio/config/avia.yaml
[42.994s] -- Symlinking: /home/luojiafox/workspace/lf2026_sentry_ws/install/point_lio/share/point_lio/config/horizon.yaml
[43.002s] -- Symlinking: /home/luojiafox/workspace/lf2026_sentry_ws/install/point_lio/share/point_lio/config/mid360.yaml
[43.008s] -- Symlinking: /home/luojiafox/workspace/lf2026_sentry_ws/install/point_lio/share/point_lio/config/ouster64.yaml
[43.013s] -- Symlinking: /home/luojiafox/workspace/lf2026_sentry_ws/install/point_lio/share/point_lio/config/velody16.yaml
[43.021s] -- Symlinking: /home/luojiafox/workspace/lf2026_sentry_ws/install/point_lio/share/point_lio/launch/point_lio.launch.py
[43.029s] -- Symlinking: /home/luojiafox/workspace/lf2026_sentry_ws/install/point_lio/share/point_lio/rviz_cfg/.gitignore
[43.035s] -- Symlinking: /home/luojiafox/workspace/lf2026_sentry_ws/install/point_lio/share/point_lio/rviz_cfg/loam_livox.rviz
[43.041s] -- Symlinking: /home/luojiafox/workspace/lf2026_sentry_ws/install/point_lio/share/ament_index/resource_index/package_run_dependencies/point_lio
[43.049s] -- Symlinking: /home/luojiafox/workspace/lf2026_sentry_ws/install/point_lio/share/ament_index/resource_index/parent_prefix_path/point_lio
[43.056s] -- Symlinking: /home/luojiafox/workspace/lf2026_sentry_ws/install/point_lio/share/point_lio/environment/ament_prefix_path.sh
[43.063s] -- Symlinking: /home/luojiafox/workspace/lf2026_sentry_ws/install/point_lio/share/point_lio/environment/ament_prefix_path.dsv
[43.069s] -- Symlinking: /home/luojiafox/workspace/lf2026_sentry_ws/install/point_lio/share/point_lio/environment/path.sh
[43.075s] -- Symlinking: /home/luojiafox/workspace/lf2026_sentry_ws/install/point_lio/share/point_lio/environment/path.dsv
[43.082s] -- Symlinking: /home/luojiafox/workspace/lf2026_sentry_ws/install/point_lio/share/point_lio/local_setup.bash
[43.087s] -- Symlinking: /home/luojiafox/workspace/lf2026_sentry_ws/install/point_lio/share/point_lio/local_setup.sh
[43.092s] -- Symlinking: /home/luojiafox/workspace/lf2026_sentry_ws/install/point_lio/share/point_lio/local_setup.zsh
[43.098s] -- Symlinking: /home/luojiafox/workspace/lf2026_sentry_ws/install/point_lio/share/point_lio/local_setup.dsv
[43.103s] -- Symlinking: /home/luojiafox/workspace/lf2026_sentry_ws/install/point_lio/share/point_lio/package.dsv
[43.109s] -- Symlinking: /home/luojiafox/workspace/lf2026_sentry_ws/install/point_lio/share/ament_index/resource_index/packages/point_lio
[43.114s] -- Symlinking: /home/luojiafox/workspace/lf2026_sentry_ws/install/point_lio/share/point_lio/cmake/ament_cmake_export_dependencies-extras.cmake
[43.121s] -- Symlinking: /home/luojiafox/workspace/lf2026_sentry_ws/install/point_lio/share/point_lio/cmake/point_lioConfig.cmake
[43.129s] -- Symlinking: /home/luojiafox/workspace/lf2026_sentry_ws/install/point_lio/share/point_lio/cmake/point_lioConfig-version.cmake
[43.134s] -- Symlinking: /home/luojiafox/workspace/lf2026_sentry_ws/install/point_lio/share/point_lio/package.xml
[43.142s] Invoked command in '/home/luojiafox/workspace/lf2026_sentry_ws/build/point_lio' returned '0': AMENT_PREFIX_PATH=/home/luojiafox/workspace/lf2026_sentry_ws/install/livox_ros_driver2:${AMENT_PREFIX_PATH} CMAKE_PREFIX_PATH=/home/luojiafox/workspace/lf2026_sentry_ws/install/livox_ros_driver2:/opt/ros/humble/opt/openeb_vendor:/opt/ros/humble/opt/libcaer_vendor:/opt/ros/humble LD_LIBRARY_PATH=/home/luojiafox/workspace/lf2026_sentry_ws/install/livox_ros_driver2/lib:${LD_LIBRARY_PATH} PYTHONPATH=/home/luojiafox/workspace/lf2026_sentry_ws/install/livox_ros_driver2/lib/python3.10/site-packages:${PYTHONPATH} VIRTUAL_ENV_PROMPT=(rosvenv) /usr/bin/cmake --install /home/luojiafox/workspace/lf2026_sentry_ws/build/point_lio
