[0.075s] Invoking command in '/home/luojiafox/workspace/lf2026_sentry_ws/build/terrain_analysis': CMAKE_PREFIX_PATH=${CMAKE_PREFIX_PATH}:/home/luojiafox/workspace/lf2026_sentry_ws/install/publish_anything_ros2_gui:/opt/ros/humble VIRTUAL_ENV_PROMPT=(rosvenv) /usr/bin/cmake --build /home/luojiafox/workspace/lf2026_sentry_ws/build/terrain_analysis -- -j22 -l22
[0.119s] [35m[1mConsolidate compiler generated dependencies of target terrainAnalysis[0m
[0.144s] [100%] Built target terrainAnalysis
[0.398s] Invoked command in '/home/luojiafox/workspace/lf2026_sentry_ws/build/terrain_analysis' returned '0': CMAKE_PREFIX_PATH=${CMAKE_PREFIX_PATH}:/home/luojiafox/workspace/lf2026_sentry_ws/install/publish_anything_ros2_gui:/opt/ros/humble VIRTUAL_ENV_PROMPT=(rosvenv) /usr/bin/cmake --build /home/luojiafox/workspace/lf2026_sentry_ws/build/terrain_analysis -- -j22 -l22
[0.399s] Invoking command in '/home/luojiafox/workspace/lf2026_sentry_ws/build/terrain_analysis': CMAKE_PREFIX_PATH=${CMAKE_PREFIX_PATH}:/home/luojiafox/workspace/lf2026_sentry_ws/install/publish_anything_ros2_gui:/opt/ros/humble VIRTUAL_ENV_PROMPT=(rosvenv) /usr/bin/cmake --install /home/luojiafox/workspace/lf2026_sentry_ws/build/terrain_analysis
[0.424s] -- Install configuration: "Release"
[0.424s] -- Execute custom install script
[0.424s] -- Up-to-date symlink: /home/luojiafox/workspace/lf2026_sentry_ws/install/terrain_analysis/lib/terrain_analysis/terrainAnalysis
[0.424s] -- Up-to-date symlink: /home/luojiafox/workspace/lf2026_sentry_ws/install/terrain_analysis/share/terrain_analysis/launch/terrain_analysis.launch
[0.424s] -- Up-to-date symlink: /home/luojiafox/workspace/lf2026_sentry_ws/install/terrain_analysis/share/ament_index/resource_index/package_run_dependencies/terrain_analysis
[0.424s] -- Up-to-date symlink: /home/luojiafox/workspace/lf2026_sentry_ws/install/terrain_analysis/share/ament_index/resource_index/parent_prefix_path/terrain_analysis
[0.424s] -- Up-to-date symlink: /home/luojiafox/workspace/lf2026_sentry_ws/install/terrain_analysis/share/terrain_analysis/environment/ament_prefix_path.sh
[0.424s] -- Up-to-date symlink: /home/luojiafox/workspace/lf2026_sentry_ws/install/terrain_analysis/share/terrain_analysis/environment/ament_prefix_path.dsv
[0.424s] -- Up-to-date symlink: /home/luojiafox/workspace/lf2026_sentry_ws/install/terrain_analysis/share/terrain_analysis/environment/path.sh
[0.424s] -- Up-to-date symlink: /home/luojiafox/workspace/lf2026_sentry_ws/install/terrain_analysis/share/terrain_analysis/environment/path.dsv
[0.424s] -- Up-to-date symlink: /home/luojiafox/workspace/lf2026_sentry_ws/install/terrain_analysis/share/terrain_analysis/local_setup.bash
[0.424s] -- Up-to-date symlink: /home/luojiafox/workspace/lf2026_sentry_ws/install/terrain_analysis/share/terrain_analysis/local_setup.sh
[0.424s] -- Up-to-date symlink: /home/luojiafox/workspace/lf2026_sentry_ws/install/terrain_analysis/share/terrain_analysis/local_setup.zsh
[0.424s] -- Up-to-date symlink: /home/luojiafox/workspace/lf2026_sentry_ws/install/terrain_analysis/share/terrain_analysis/local_setup.dsv
[0.424s] -- Symlinking: /home/luojiafox/workspace/lf2026_sentry_ws/install/terrain_analysis/share/terrain_analysis/package.dsv
[0.432s] -- Up-to-date symlink: /home/luojiafox/workspace/lf2026_sentry_ws/install/terrain_analysis/share/ament_index/resource_index/packages/terrain_analysis
[0.432s] -- Up-to-date symlink: /home/luojiafox/workspace/lf2026_sentry_ws/install/terrain_analysis/share/terrain_analysis/cmake/terrain_analysisConfig.cmake
[0.432s] -- Up-to-date symlink: /home/luojiafox/workspace/lf2026_sentry_ws/install/terrain_analysis/share/terrain_analysis/cmake/terrain_analysisConfig-version.cmake
[0.432s] -- Up-to-date symlink: /home/luojiafox/workspace/lf2026_sentry_ws/install/terrain_analysis/share/terrain_analysis/package.xml
[0.510s] Invoked command in '/home/luojiafox/workspace/lf2026_sentry_ws/build/terrain_analysis' returned '0': CMAKE_PREFIX_PATH=${CMAKE_PREFIX_PATH}:/home/luojiafox/workspace/lf2026_sentry_ws/install/publish_anything_ros2_gui:/opt/ros/humble VIRTUAL_ENV_PROMPT=(rosvenv) /usr/bin/cmake --install /home/luojiafox/workspace/lf2026_sentry_ws/build/terrain_analysis
