[0.058s] Invoking command in '/home/luojiafox/workspace/lf2026_sentry_ws/build/pointcloud_to_laserscan': CMAKE_PREFIX_PATH=${CMAKE_PREFIX_PATH}:/opt/ros/humble VIRTUAL_ENV_PROMPT=(rosvenv) /usr/bin/cmake /home/luojiafox/workspace/lf2026_sentry_ws/src/pb2025_sentry_nav/pointcloud_to_laserscan -DCMAKE_BUILD_TYPE=Release -DAMENT_CMAKE_SYMLINK_INSTALL=1 -DCMAKE_INSTALL_PREFIX=/home/luojiafox/workspace/lf2026_sentry_ws/install/pointcloud_to_laserscan
[0.096s] -- The C compiler identification is GNU 11.4.0
[0.163s] -- The CXX compiler identification is GNU 11.4.0
[0.172s] -- Detecting C compiler ABI info
[0.234s] -- Detecting C compiler ABI info - done
[0.239s] -- Check for working C compiler: /usr/bin/cc - skipped
[0.239s] -- Detecting C compile features
[0.240s] -- Detecting C compile features - done
[0.242s] -- Detecting CXX compiler ABI info
[0.320s] -- Detecting CXX compiler ABI info - done
[0.327s] -- Check for working CXX compiler: /usr/bin/c++ - skipped
[0.327s] -- Detecting CXX compile features
[0.327s] -- Detecting CXX compile features - done
[0.332s] -- Found ament_cmake_auto: 1.3.12 (/opt/ros/humble/share/ament_cmake_auto/cmake)
[0.482s] -- Found Python3: /home/luojiafox/venv/rosvenv/bin/python3 (found version "3.10.12") found components: Interpreter 
[0.541s] -- Override CMake install command with custom implementation using symlinks instead of copying resources
[0.725s] -- Found rosidl_generator_c: 3.1.7 (/opt/ros/humble/share/rosidl_generator_c/cmake)
[0.734s] -- Found rosidl_adapter: 3.1.7 (/opt/ros/humble/share/rosidl_adapter/cmake)
[0.747s] -- Found rosidl_generator_cpp: 3.1.7 (/opt/ros/humble/share/rosidl_generator_cpp/cmake)
[0.772s] -- Using all available rosidl_typesupport_c: rosidl_typesupport_fastrtps_c;rosidl_typesupport_introspection_c
[0.800s] -- Using all available rosidl_typesupport_cpp: rosidl_typesupport_fastrtps_cpp;rosidl_typesupport_introspection_cpp
[0.865s] -- Found rmw_implementation_cmake: 6.1.2 (/opt/ros/humble/share/rmw_implementation_cmake/cmake)
[0.870s] -- Found rmw_fastrtps_cpp: 6.2.8 (/opt/ros/humble/share/rmw_fastrtps_cpp/cmake)
[0.957s] -- Found OpenSSL: /usr/lib/x86_64-linux-gnu/libcrypto.so (found version "3.0.2")  
[0.984s] -- Found FastRTPS: /opt/ros/humble/include  
[1.022s] -- Using RMW implementation 'rmw_fastrtps_cpp' as default
[1.047s] -- Looking for pthread.h
[1.109s] -- Looking for pthread.h - found
[1.109s] -- Performing Test CMAKE_HAVE_LIBC_PTHREAD
[1.177s] -- Performing Test CMAKE_HAVE_LIBC_PTHREAD - Success
[1.178s] -- Found Threads: TRUE  
[1.526s] -- Found ament_lint_auto: 0.12.14 (/opt/ros/humble/share/ament_lint_auto/cmake)
[1.583s] [0mIn this package, headers install destination is set to `include` by ament_auto_package. It is recommended to install `include/pointcloud_to_laserscan` instead and will be the default behavior of ament_auto_package from ROS 2 Kilted Kaiju. On distributions before Kilted, ament_auto_package behaves the same way when you use USE_SCOPED_HEADER_INSTALL_DIR option.[0m
[1.594s] -- Added test 'cppcheck' to perform static code analysis on C / C++ code
[1.595s] -- Configured cppcheck include dirs: /home/luojiafox/workspace/lf2026_sentry_ws/src/pb2025_sentry_nav/pointcloud_to_laserscan/include
[1.595s] -- Configured cppcheck exclude dirs and/or files: 
[1.596s] -- Added test 'cpplint' to check C / C++ code against the Google style
[1.596s] -- Configured cpplint exclude dirs and/or files: 
[1.596s] -- Added test 'flake8' to check Python code syntax and style conventions
[1.597s] -- Added test 'lint_cmake' to check CMake code style
[1.597s] -- Added test 'pep257' to check Python code against some of the docstring style conventions in PEP 257
[1.598s] -- Added test 'uncrustify' to check C / C++ code style
[1.598s] -- Configured uncrustify additional arguments: 
[1.598s] -- Added test 'xmllint' to check XML markup files
[1.603s] -- Configuring done
[1.645s] -- Generating done
[1.654s] -- Build files have been written to: /home/luojiafox/workspace/lf2026_sentry_ws/build/pointcloud_to_laserscan
[1.663s] Invoked command in '/home/luojiafox/workspace/lf2026_sentry_ws/build/pointcloud_to_laserscan' returned '0': CMAKE_PREFIX_PATH=${CMAKE_PREFIX_PATH}:/opt/ros/humble VIRTUAL_ENV_PROMPT=(rosvenv) /usr/bin/cmake /home/luojiafox/workspace/lf2026_sentry_ws/src/pb2025_sentry_nav/pointcloud_to_laserscan -DCMAKE_BUILD_TYPE=Release -DAMENT_CMAKE_SYMLINK_INSTALL=1 -DCMAKE_INSTALL_PREFIX=/home/luojiafox/workspace/lf2026_sentry_ws/install/pointcloud_to_laserscan
[1.670s] Invoking command in '/home/luojiafox/workspace/lf2026_sentry_ws/build/pointcloud_to_laserscan': CMAKE_PREFIX_PATH=${CMAKE_PREFIX_PATH}:/opt/ros/humble VIRTUAL_ENV_PROMPT=(rosvenv) /usr/bin/cmake --build /home/luojiafox/workspace/lf2026_sentry_ws/build/pointcloud_to_laserscan -- -j22 -l22
[1.716s] [ 10%] [32mBuilding CXX object CMakeFiles/laserscan_to_pointcloud.dir/src/laserscan_to_pointcloud_node.cpp.o[0m
[1.719s] [ 20%] [32mBuilding CXX object CMakeFiles/pointcloud_to_laserscan_node.dir/rclcpp_components/node_main_pointcloud_to_laserscan_node.cpp.o[0m
[1.721s] [ 30%] [32mBuilding CXX object CMakeFiles/laserscan_to_pointcloud_node.dir/rclcpp_components/node_main_laserscan_to_pointcloud_node.cpp.o[0m
[6.365s] [ 40%] [32m[1mLinking CXX executable laserscan_to_pointcloud_node[0m
[6.547s] [ 50%] [32m[1mLinking CXX executable pointcloud_to_laserscan_node[0m
[6.599s] [ 50%] Built target laserscan_to_pointcloud_node
[6.794s] [ 50%] Built target pointcloud_to_laserscan_node
[15.823s] [ 60%] [32m[1mLinking CXX shared library liblaserscan_to_pointcloud.so[0m
[15.945s] [ 60%] Built target laserscan_to_pointcloud
[15.970s] [ 70%] [32mBuilding CXX object CMakeFiles/pointcloud_to_laserscan.dir/src/pointcloud_to_laserscan_node.cpp.o[0m
[27.686s] [ 80%] [32m[1mLinking CXX shared library libpointcloud_to_laserscan.so[0m
[27.840s] [ 80%] Built target pointcloud_to_laserscan
[27.855s] [ 90%] [32mBuilding CXX object CMakeFiles/dummy_pointcloud_publisher.dir/src/dummy_pointcloud_publisher.cpp.o[0m
[31.825s] [100%] [32m[1mLinking CXX executable dummy_pointcloud_publisher[0m
[31.933s] [100%] Built target dummy_pointcloud_publisher
[31.945s] Invoked command in '/home/luojiafox/workspace/lf2026_sentry_ws/build/pointcloud_to_laserscan' returned '0': CMAKE_PREFIX_PATH=${CMAKE_PREFIX_PATH}:/opt/ros/humble VIRTUAL_ENV_PROMPT=(rosvenv) /usr/bin/cmake --build /home/luojiafox/workspace/lf2026_sentry_ws/build/pointcloud_to_laserscan -- -j22 -l22
[31.947s] Invoking command in '/home/luojiafox/workspace/lf2026_sentry_ws/build/pointcloud_to_laserscan': CMAKE_PREFIX_PATH=${CMAKE_PREFIX_PATH}:/opt/ros/humble VIRTUAL_ENV_PROMPT=(rosvenv) /usr/bin/cmake --install /home/luojiafox/workspace/lf2026_sentry_ws/build/pointcloud_to_laserscan
[31.956s] -- Install configuration: "Release"
[31.956s] -- Execute custom install script
[31.957s] -- Symlinking: /home/luojiafox/workspace/lf2026_sentry_ws/install/pointcloud_to_laserscan/lib/pointcloud_to_laserscan/laserscan_to_pointcloud_node
[31.967s] -- Symlinking: /home/luojiafox/workspace/lf2026_sentry_ws/install/pointcloud_to_laserscan/lib/pointcloud_to_laserscan/pointcloud_to_laserscan_node
[31.980s] -- Symlinking: /home/luojiafox/workspace/lf2026_sentry_ws/install/pointcloud_to_laserscan/include/pointcloud_to_laserscan/laserscan_to_pointcloud_node.hpp
[31.986s] -- Symlinking: /home/luojiafox/workspace/lf2026_sentry_ws/install/pointcloud_to_laserscan/include/pointcloud_to_laserscan/pointcloud_to_laserscan_node.hpp
[31.996s] -- Symlinking: /home/luojiafox/workspace/lf2026_sentry_ws/install/pointcloud_to_laserscan/include/pointcloud_to_laserscan/visibility_control.h
[32.006s] -- Symlinking: /home/luojiafox/workspace/lf2026_sentry_ws/install/pointcloud_to_laserscan/share/pointcloud_to_laserscan/environment/library_path.sh
[32.015s] -- Symlinking: /home/luojiafox/workspace/lf2026_sentry_ws/install/pointcloud_to_laserscan/share/pointcloud_to_laserscan/environment/library_path.dsv
[32.024s] -- Symlinking: /home/luojiafox/workspace/lf2026_sentry_ws/install/pointcloud_to_laserscan/lib/liblaserscan_to_pointcloud.so
[32.031s] -- Symlinking: /home/luojiafox/workspace/lf2026_sentry_ws/install/pointcloud_to_laserscan/lib/libpointcloud_to_laserscan.so
[32.041s] -- Symlinking: /home/luojiafox/workspace/lf2026_sentry_ws/install/pointcloud_to_laserscan/lib/pointcloud_to_laserscan/dummy_pointcloud_publisher
[32.049s] -- Symlinking: /home/luojiafox/workspace/lf2026_sentry_ws/install/pointcloud_to_laserscan/share/pointcloud_to_laserscan/launch/sample_laserscan_to_pointcloud_launch.py
[32.059s] -- Symlinking: /home/luojiafox/workspace/lf2026_sentry_ws/install/pointcloud_to_laserscan/share/pointcloud_to_laserscan/launch/sample_pointcloud_to_laserscan_launch.py
[32.068s] -- Symlinking: /home/luojiafox/workspace/lf2026_sentry_ws/install/pointcloud_to_laserscan/share/ament_index/resource_index/package_run_dependencies/pointcloud_to_laserscan
[32.078s] -- Symlinking: /home/luojiafox/workspace/lf2026_sentry_ws/install/pointcloud_to_laserscan/share/ament_index/resource_index/parent_prefix_path/pointcloud_to_laserscan
[32.085s] -- Symlinking: /home/luojiafox/workspace/lf2026_sentry_ws/install/pointcloud_to_laserscan/share/pointcloud_to_laserscan/environment/ament_prefix_path.sh
[32.096s] -- Symlinking: /home/luojiafox/workspace/lf2026_sentry_ws/install/pointcloud_to_laserscan/share/pointcloud_to_laserscan/environment/ament_prefix_path.dsv
[32.104s] -- Symlinking: /home/luojiafox/workspace/lf2026_sentry_ws/install/pointcloud_to_laserscan/share/pointcloud_to_laserscan/environment/path.sh
[32.110s] -- Symlinking: /home/luojiafox/workspace/lf2026_sentry_ws/install/pointcloud_to_laserscan/share/pointcloud_to_laserscan/environment/path.dsv
[32.120s] -- Symlinking: /home/luojiafox/workspace/lf2026_sentry_ws/install/pointcloud_to_laserscan/share/pointcloud_to_laserscan/local_setup.bash
[32.128s] -- Symlinking: /home/luojiafox/workspace/lf2026_sentry_ws/install/pointcloud_to_laserscan/share/pointcloud_to_laserscan/local_setup.sh
[32.138s] -- Symlinking: /home/luojiafox/workspace/lf2026_sentry_ws/install/pointcloud_to_laserscan/share/pointcloud_to_laserscan/local_setup.zsh
[32.147s] -- Symlinking: /home/luojiafox/workspace/lf2026_sentry_ws/install/pointcloud_to_laserscan/share/pointcloud_to_laserscan/local_setup.dsv
[32.157s] -- Symlinking: /home/luojiafox/workspace/lf2026_sentry_ws/install/pointcloud_to_laserscan/share/pointcloud_to_laserscan/package.dsv
[32.167s] -- Symlinking: /home/luojiafox/workspace/lf2026_sentry_ws/install/pointcloud_to_laserscan/share/ament_index/resource_index/packages/pointcloud_to_laserscan
[32.176s] -- Symlinking: /home/luojiafox/workspace/lf2026_sentry_ws/install/pointcloud_to_laserscan/share/ament_index/resource_index/rclcpp_components/pointcloud_to_laserscan
[32.186s] -- Symlinking: /home/luojiafox/workspace/lf2026_sentry_ws/install/pointcloud_to_laserscan/share/pointcloud_to_laserscan/cmake/ament_cmake_export_dependencies-extras.cmake
[32.195s] -- Symlinking: /home/luojiafox/workspace/lf2026_sentry_ws/install/pointcloud_to_laserscan/share/pointcloud_to_laserscan/cmake/ament_cmake_export_include_directories-extras.cmake
[32.204s] -- Symlinking: /home/luojiafox/workspace/lf2026_sentry_ws/install/pointcloud_to_laserscan/share/pointcloud_to_laserscan/cmake/ament_cmake_export_libraries-extras.cmake
[32.214s] -- Symlinking: /home/luojiafox/workspace/lf2026_sentry_ws/install/pointcloud_to_laserscan/share/pointcloud_to_laserscan/cmake/pointcloud_to_laserscanConfig.cmake
[32.223s] -- Symlinking: /home/luojiafox/workspace/lf2026_sentry_ws/install/pointcloud_to_laserscan/share/pointcloud_to_laserscan/cmake/pointcloud_to_laserscanConfig-version.cmake
[32.230s] -- Symlinking: /home/luojiafox/workspace/lf2026_sentry_ws/install/pointcloud_to_laserscan/share/pointcloud_to_laserscan/package.xml
[32.242s] Invoked command in '/home/luojiafox/workspace/lf2026_sentry_ws/build/pointcloud_to_laserscan' returned '0': CMAKE_PREFIX_PATH=${CMAKE_PREFIX_PATH}:/opt/ros/humble VIRTUAL_ENV_PROMPT=(rosvenv) /usr/bin/cmake --install /home/luojiafox/workspace/lf2026_sentry_ws/build/pointcloud_to_laserscan
