[0.065s] Invoking command in '/home/luojiafox/workspace/lf2026_sentry_ws/build/pb_omni_pid_pursuit_controller': CMAKE_PREFIX_PATH=${CMAKE_PREFIX_PATH}:/opt/ros/humble VIRTUAL_ENV_PROMPT=(rosvenv) /usr/bin/cmake /home/luojiafox/workspace/lf2026_sentry_ws/src/pb2025_sentry_nav/pb_omni_pid_pursuit_controller -DCMAKE_BUILD_TYPE=Release -DAMENT_CMAKE_SYMLINK_INSTALL=1 -DCMAKE_INSTALL_PREFIX=/home/luojiafox/workspace/lf2026_sentry_ws/install/pb_omni_pid_pursuit_controller
[0.120s] -- The C compiler identification is GNU 11.4.0
[0.189s] -- The CXX compiler identification is GNU 11.4.0
[0.196s] -- Detecting C compiler ABI info
[0.257s] -- Detecting C compiler ABI info - done
[0.262s] -- Check for working C compiler: /usr/bin/cc - skipped
[0.262s] -- Detecting C compile features
[0.262s] -- Detecting C compile features - done
[0.265s] -- Detecting CXX compiler ABI info
[0.338s] -- Detecting CXX compiler ABI info - done
[0.343s] -- Check for working CXX compiler: /usr/bin/c++ - skipped
[0.343s] -- Detecting CXX compile features
[0.344s] -- Detecting CXX compile features - done
[0.349s] -- Found ament_cmake_auto: 1.3.12 (/opt/ros/humble/share/ament_cmake_auto/cmake)
[0.505s] -- Found Python3: /home/luojiafox/venv/rosvenv/bin/python3 (found version "3.10.12") found components: Interpreter 
[0.583s] -- Override CMake install command with custom implementation using symlinks instead of copying resources
[0.821s] -- Found rosidl_generator_c: 3.1.7 (/opt/ros/humble/share/rosidl_generator_c/cmake)
[0.829s] -- Found rosidl_adapter: 3.1.7 (/opt/ros/humble/share/rosidl_adapter/cmake)
[0.841s] -- Found rosidl_generator_cpp: 3.1.7 (/opt/ros/humble/share/rosidl_generator_cpp/cmake)
[0.855s] -- Using all available rosidl_typesupport_c: rosidl_typesupport_fastrtps_c;rosidl_typesupport_introspection_c
[0.874s] -- Using all available rosidl_typesupport_cpp: rosidl_typesupport_fastrtps_cpp;rosidl_typesupport_introspection_cpp
[0.931s] -- Found rmw_implementation_cmake: 6.1.2 (/opt/ros/humble/share/rmw_implementation_cmake/cmake)
[0.936s] -- Found rmw_fastrtps_cpp: 6.2.8 (/opt/ros/humble/share/rmw_fastrtps_cpp/cmake)
[1.010s] -- Found OpenSSL: /usr/lib/x86_64-linux-gnu/libcrypto.so (found version "3.0.2")  
[1.036s] -- Found FastRTPS: /opt/ros/humble/include  
[1.075s] -- Using RMW implementation 'rmw_fastrtps_cpp' as default
[1.089s] -- Looking for pthread.h
[1.151s] -- Looking for pthread.h - found
[1.151s] -- Performing Test CMAKE_HAVE_LIBC_PTHREAD
[1.216s] -- Performing Test CMAKE_HAVE_LIBC_PTHREAD - Success
[1.217s] -- Found Threads: TRUE  
[1.580s] -- Found Eigen3: TRUE (found version "3.4.0") 
[1.580s] -- Ensuring Eigen3 include directory is part of orocos-kdl CMake target
[1.800s] -- Found ament_lint_auto: 0.12.14 (/opt/ros/humble/share/ament_lint_auto/cmake)
[1.879s] [0mIn this package, headers install destination is set to `include` by ament_auto_package. It is recommended to install `include/pb_omni_pid_pursuit_controller` instead and will be the default behavior of ament_auto_package from ROS 2 Kilted Kaiju. On distributions before Kilted, ament_auto_package behaves the same way when you use USE_SCOPED_HEADER_INSTALL_DIR option.[0m
[1.885s] -- Added test 'copyright' to check source files copyright and LICENSE
[1.886s] -- Added test 'cppcheck' to perform static code analysis on C / C++ code
[1.887s] -- Configured cppcheck include dirs: /home/luojiafox/workspace/lf2026_sentry_ws/src/pb2025_sentry_nav/pb_omni_pid_pursuit_controller/include
[1.887s] -- Configured cppcheck exclude dirs and/or files: 
[1.888s] -- Added test 'cpplint' to check C / C++ code against the Google style
[1.888s] -- Configured cpplint exclude dirs and/or files: 
[1.889s] -- Added test 'lint_cmake' to check CMake code style
[1.890s] -- Added test 'xmllint' to check XML markup files
[1.891s] -- Added test 'clang_format' to check C / C++ code style
[1.894s] -- Configuring done
[1.982s] -- Generating done
[1.990s] -- Build files have been written to: /home/luojiafox/workspace/lf2026_sentry_ws/build/pb_omni_pid_pursuit_controller
[2.005s] Invoked command in '/home/luojiafox/workspace/lf2026_sentry_ws/build/pb_omni_pid_pursuit_controller' returned '0': CMAKE_PREFIX_PATH=${CMAKE_PREFIX_PATH}:/opt/ros/humble VIRTUAL_ENV_PROMPT=(rosvenv) /usr/bin/cmake /home/luojiafox/workspace/lf2026_sentry_ws/src/pb2025_sentry_nav/pb_omni_pid_pursuit_controller -DCMAKE_BUILD_TYPE=Release -DAMENT_CMAKE_SYMLINK_INSTALL=1 -DCMAKE_INSTALL_PREFIX=/home/luojiafox/workspace/lf2026_sentry_ws/install/pb_omni_pid_pursuit_controller
[2.006s] Invoking command in '/home/luojiafox/workspace/lf2026_sentry_ws/build/pb_omni_pid_pursuit_controller': CMAKE_PREFIX_PATH=${CMAKE_PREFIX_PATH}:/opt/ros/humble VIRTUAL_ENV_PROMPT=(rosvenv) /usr/bin/cmake --build /home/luojiafox/workspace/lf2026_sentry_ws/build/pb_omni_pid_pursuit_controller -- -j22 -l22
[2.052s] [ 33%] [32mBuilding CXX object CMakeFiles/pb_omni_pid_pursuit_controller.dir/src/omni_pid_pursuit_controller.cpp.o[0m
[2.058s] [ 66%] [32mBuilding CXX object CMakeFiles/pb_omni_pid_pursuit_controller.dir/src/pid.cpp.o[0m
[14.224s] [100%] [32m[1mLinking CXX shared library libpb_omni_pid_pursuit_controller.so[0m
[14.517s] [100%] Built target pb_omni_pid_pursuit_controller
[14.527s] Invoked command in '/home/luojiafox/workspace/lf2026_sentry_ws/build/pb_omni_pid_pursuit_controller' returned '0': CMAKE_PREFIX_PATH=${CMAKE_PREFIX_PATH}:/opt/ros/humble VIRTUAL_ENV_PROMPT=(rosvenv) /usr/bin/cmake --build /home/luojiafox/workspace/lf2026_sentry_ws/build/pb_omni_pid_pursuit_controller -- -j22 -l22
[14.538s] Invoking command in '/home/luojiafox/workspace/lf2026_sentry_ws/build/pb_omni_pid_pursuit_controller': CMAKE_PREFIX_PATH=${CMAKE_PREFIX_PATH}:/opt/ros/humble VIRTUAL_ENV_PROMPT=(rosvenv) /usr/bin/cmake --install /home/luojiafox/workspace/lf2026_sentry_ws/build/pb_omni_pid_pursuit_controller
[14.544s] -- Install configuration: "Release"
[14.545s] -- Execute custom install script
[14.545s] -- Symlinking: /home/luojiafox/workspace/lf2026_sentry_ws/install/pb_omni_pid_pursuit_controller/share/pb_omni_pid_pursuit_controller//pb_omni_pid_pursuit_controller.xml
[14.556s] -- Symlinking: /home/luojiafox/workspace/lf2026_sentry_ws/install/pb_omni_pid_pursuit_controller/include/pb_omni_pid_pursuit_controller/omni_pid_pursuit_controller.hpp
[14.567s] -- Symlinking: /home/luojiafox/workspace/lf2026_sentry_ws/install/pb_omni_pid_pursuit_controller/include/pb_omni_pid_pursuit_controller/pid.hpp
[14.575s] -- Symlinking: /home/luojiafox/workspace/lf2026_sentry_ws/install/pb_omni_pid_pursuit_controller/share/pb_omni_pid_pursuit_controller/environment/library_path.sh
[14.582s] -- Symlinking: /home/luojiafox/workspace/lf2026_sentry_ws/install/pb_omni_pid_pursuit_controller/share/pb_omni_pid_pursuit_controller/environment/library_path.dsv
[14.591s] -- Symlinking: /home/luojiafox/workspace/lf2026_sentry_ws/install/pb_omni_pid_pursuit_controller/lib/libpb_omni_pid_pursuit_controller.so
[14.600s] -- Symlinking: /home/luojiafox/workspace/lf2026_sentry_ws/install/pb_omni_pid_pursuit_controller/share/ament_index/resource_index/package_run_dependencies/pb_omni_pid_pursuit_controller
[14.607s] -- Symlinking: /home/luojiafox/workspace/lf2026_sentry_ws/install/pb_omni_pid_pursuit_controller/share/ament_index/resource_index/parent_prefix_path/pb_omni_pid_pursuit_controller
[14.615s] -- Symlinking: /home/luojiafox/workspace/lf2026_sentry_ws/install/pb_omni_pid_pursuit_controller/share/pb_omni_pid_pursuit_controller/environment/ament_prefix_path.sh
[14.623s] -- Symlinking: /home/luojiafox/workspace/lf2026_sentry_ws/install/pb_omni_pid_pursuit_controller/share/pb_omni_pid_pursuit_controller/environment/ament_prefix_path.dsv
[14.634s] -- Symlinking: /home/luojiafox/workspace/lf2026_sentry_ws/install/pb_omni_pid_pursuit_controller/share/pb_omni_pid_pursuit_controller/environment/path.sh
[14.646s] -- Symlinking: /home/luojiafox/workspace/lf2026_sentry_ws/install/pb_omni_pid_pursuit_controller/share/pb_omni_pid_pursuit_controller/environment/path.dsv
[14.656s] -- Symlinking: /home/luojiafox/workspace/lf2026_sentry_ws/install/pb_omni_pid_pursuit_controller/share/pb_omni_pid_pursuit_controller/local_setup.bash
[14.668s] -- Symlinking: /home/luojiafox/workspace/lf2026_sentry_ws/install/pb_omni_pid_pursuit_controller/share/pb_omni_pid_pursuit_controller/local_setup.sh
[14.676s] -- Symlinking: /home/luojiafox/workspace/lf2026_sentry_ws/install/pb_omni_pid_pursuit_controller/share/pb_omni_pid_pursuit_controller/local_setup.zsh
[14.691s] -- Symlinking: /home/luojiafox/workspace/lf2026_sentry_ws/install/pb_omni_pid_pursuit_controller/share/pb_omni_pid_pursuit_controller/local_setup.dsv
[14.698s] -- Symlinking: /home/luojiafox/workspace/lf2026_sentry_ws/install/pb_omni_pid_pursuit_controller/share/pb_omni_pid_pursuit_controller/package.dsv
[14.707s] -- Symlinking: /home/luojiafox/workspace/lf2026_sentry_ws/install/pb_omni_pid_pursuit_controller/share/ament_index/resource_index/packages/pb_omni_pid_pursuit_controller
[14.715s] -- Symlinking: /home/luojiafox/workspace/lf2026_sentry_ws/install/pb_omni_pid_pursuit_controller/share/ament_index/resource_index/nav2_core__pluginlib__plugin/pb_omni_pid_pursuit_controller
[14.721s] -- Symlinking: /home/luojiafox/workspace/lf2026_sentry_ws/install/pb_omni_pid_pursuit_controller/share/pb_omni_pid_pursuit_controller/cmake/ament_cmake_export_dependencies-extras.cmake
[14.728s] -- Symlinking: /home/luojiafox/workspace/lf2026_sentry_ws/install/pb_omni_pid_pursuit_controller/share/pb_omni_pid_pursuit_controller/cmake/ament_cmake_export_include_directories-extras.cmake
[14.734s] -- Symlinking: /home/luojiafox/workspace/lf2026_sentry_ws/install/pb_omni_pid_pursuit_controller/share/pb_omni_pid_pursuit_controller/cmake/ament_cmake_export_libraries-extras.cmake
[14.741s] -- Symlinking: /home/luojiafox/workspace/lf2026_sentry_ws/install/pb_omni_pid_pursuit_controller/share/pb_omni_pid_pursuit_controller/cmake/pb_omni_pid_pursuit_controllerConfig.cmake
[14.748s] -- Symlinking: /home/luojiafox/workspace/lf2026_sentry_ws/install/pb_omni_pid_pursuit_controller/share/pb_omni_pid_pursuit_controller/cmake/pb_omni_pid_pursuit_controllerConfig-version.cmake
[14.754s] -- Symlinking: /home/luojiafox/workspace/lf2026_sentry_ws/install/pb_omni_pid_pursuit_controller/share/pb_omni_pid_pursuit_controller/package.xml
[14.765s] Invoked command in '/home/luojiafox/workspace/lf2026_sentry_ws/build/pb_omni_pid_pursuit_controller' returned '0': CMAKE_PREFIX_PATH=${CMAKE_PREFIX_PATH}:/opt/ros/humble VIRTUAL_ENV_PROMPT=(rosvenv) /usr/bin/cmake --install /home/luojiafox/workspace/lf2026_sentry_ws/build/pb_omni_pid_pursuit_controller
