[0.055s] Invoking command in '/home/luojiafox/workspace/lf2026_sentry_ws/build/loam_interface': CMAKE_PREFIX_PATH=${CMAKE_PREFIX_PATH}:/opt/ros/humble VIRTUAL_ENV_PROMPT=(rosvenv) /usr/bin/cmake /home/luojiafox/workspace/lf2026_sentry_ws/src/pb2025_sentry_nav/loam_interface -DCMAKE_BUILD_TYPE=Release -DAMENT_CMAKE_SYMLINK_INSTALL=1 -DCMAKE_INSTALL_PREFIX=/home/luojiafox/workspace/lf2026_sentry_ws/install/loam_interface
[0.121s] -- The C compiler identification is GNU 11.4.0
[0.186s] -- The CXX compiler identification is GNU 11.4.0
[0.196s] -- Detecting C compiler ABI info
[0.254s] -- Detecting C compiler ABI info - done
[0.263s] -- Check for working C compiler: /usr/bin/cc - skipped
[0.264s] -- Detecting C compile features
[0.264s] -- Detecting C compile features - done
[0.271s] -- Detecting CXX compiler ABI info
[0.353s] -- Detecting CXX compiler ABI info - done
[0.360s] -- Check for working CXX compiler: /usr/bin/c++ - skipped
[0.361s] -- Detecting CXX compile features
[0.361s] -- Detecting CXX compile features - done
[0.369s] -- Found ament_cmake_auto: 1.3.12 (/opt/ros/humble/share/ament_cmake_auto/cmake)
[0.510s] -- Found Python3: /home/luojiafox/venv/rosvenv/bin/python3 (found version "3.10.12") found components: Interpreter 
[0.589s] -- Override CMake install command with custom implementation using symlinks instead of copying resources
[0.813s] -- Found rosidl_generator_c: 3.1.7 (/opt/ros/humble/share/rosidl_generator_c/cmake)
[0.822s] -- Found rosidl_adapter: 3.1.7 (/opt/ros/humble/share/rosidl_adapter/cmake)
[0.833s] -- Found rosidl_generator_cpp: 3.1.7 (/opt/ros/humble/share/rosidl_generator_cpp/cmake)
[0.846s] -- Using all available rosidl_typesupport_c: rosidl_typesupport_fastrtps_c;rosidl_typesupport_introspection_c
[0.865s] -- Using all available rosidl_typesupport_cpp: rosidl_typesupport_fastrtps_cpp;rosidl_typesupport_introspection_cpp
[0.918s] -- Found rmw_implementation_cmake: 6.1.2 (/opt/ros/humble/share/rmw_implementation_cmake/cmake)
[0.923s] -- Found rmw_fastrtps_cpp: 6.2.8 (/opt/ros/humble/share/rmw_fastrtps_cpp/cmake)
[1.004s] -- Found OpenSSL: /usr/lib/x86_64-linux-gnu/libcrypto.so (found version "3.0.2")  
[1.050s] -- Found FastRTPS: /opt/ros/humble/include  
[1.116s] -- Using RMW implementation 'rmw_fastrtps_cpp' as default
[1.144s] -- Looking for pthread.h
[1.201s] -- Looking for pthread.h - found
[1.201s] -- Performing Test CMAKE_HAVE_LIBC_PTHREAD
[1.249s] -- Performing Test CMAKE_HAVE_LIBC_PTHREAD - Success
[1.250s] -- Found Threads: TRUE  
[1.553s] -- Found eigen3_cmake_module: 0.1.1 (/opt/ros/humble/share/eigen3_cmake_module/cmake)
[1.554s] -- Found Eigen3: TRUE (found version "3.4.0") 
[1.554s] -- Ensuring Eigen3 include directory is part of orocos-kdl CMake target
[1.679s] -- Checking for module 'eigen3'
[1.694s] --   Found eigen3, version 3.4.0
[1.715s] -- Found Eigen: /usr/include/eigen3 (Required is at least version "3.1") 
[1.715s] -- Eigen found (include: /usr/include/eigen3, version: 3.4.0)
[1.802s] -- Checking for module 'flann'
[1.813s] --   Found flann, version 1.9.1
[1.884s] -- Found FLANN: /usr/lib/x86_64-linux-gnu/libflann_cpp.so  
[1.884s] -- FLANN found (include: /usr/include, lib: /usr/lib/x86_64-linux-gnu/libflann_cpp.so)
[2.822s] -- Checking for module 'libusb-1.0'
[2.838s] --   Found libusb-1.0, version 1.0.25
[2.863s] -- Found libusb: /usr/lib/x86_64-linux-gnu/libusb-1.0.so  
[2.864s] -- OpenNI found (version: 1.5.4.0, include: /usr/include/ni, lib: /usr/lib/libOpenNI.so;libusb::libusb)
[2.915s] -- OpenNI2 found (version: 2.2.0.33, include: /usr/include/openni2, lib: /usr/lib/x86_64-linux-gnu/libOpenNI2.so;libusb::libusb)
[3.105s] -- Eigen found (include: /usr/include/eigen3, version: 3.4.0)
[3.110s] -- OpenNI found (version: 1.5.4.0, include: /usr/include/ni, lib: /usr/lib/libOpenNI.so;libusb::libusb)
[3.114s] -- OpenNI2 found (version: 2.2.0.33, include: /usr/include/openni2, lib: /usr/lib/x86_64-linux-gnu/libOpenNI2.so;libusb::libusb)
[3.317s] -- Found Qhull version 8.0.2
[3.550s] -- OpenNI found (version: 1.5.4.0, include: /usr/include/ni, lib: /usr/lib/libOpenNI.so;libusb::libusb)
[3.809s] -- Found PCL_COMMON: /usr/lib/x86_64-linux-gnu/libpcl_common.so  
[3.812s] -- Found PCL_KDTREE: /usr/lib/x86_64-linux-gnu/libpcl_kdtree.so  
[3.815s] -- Found PCL_OCTREE: /usr/lib/x86_64-linux-gnu/libpcl_octree.so  
[3.818s] -- Found PCL_SEARCH: /usr/lib/x86_64-linux-gnu/libpcl_search.so  
[3.821s] -- Found PCL_SAMPLE_CONSENSUS: /usr/lib/x86_64-linux-gnu/libpcl_sample_consensus.so  
[3.825s] -- Found PCL_FILTERS: /usr/lib/x86_64-linux-gnu/libpcl_filters.so  
[3.825s] -- Found PCL_2D: /usr/include/pcl-1.12  
[3.825s] -- Found PCL_GEOMETRY: /usr/include/pcl-1.12  
[3.828s] -- Found PCL_IO: /usr/lib/x86_64-linux-gnu/libpcl_io.so  
[3.831s] -- Found PCL_FEATURES: /usr/lib/x86_64-linux-gnu/libpcl_features.so  
[3.834s] -- Found PCL_ML: /usr/lib/x86_64-linux-gnu/libpcl_ml.so  
[3.837s] -- Found PCL_SEGMENTATION: /usr/lib/x86_64-linux-gnu/libpcl_segmentation.so  
[3.840s] -- Found PCL_VISUALIZATION: /usr/lib/x86_64-linux-gnu/libpcl_visualization.so  
[3.844s] -- Found PCL_SURFACE: /usr/lib/x86_64-linux-gnu/libpcl_surface.so  
[3.847s] -- Found PCL_REGISTRATION: /usr/lib/x86_64-linux-gnu/libpcl_registration.so  
[3.849s] -- Found PCL_KEYPOINTS: /usr/lib/x86_64-linux-gnu/libpcl_keypoints.so  
[3.853s] -- Found PCL_TRACKING: /usr/lib/x86_64-linux-gnu/libpcl_tracking.so  
[3.857s] -- Found PCL_RECOGNITION: /usr/lib/x86_64-linux-gnu/libpcl_recognition.so  
[3.859s] -- Found PCL_STEREO: /usr/lib/x86_64-linux-gnu/libpcl_stereo.so  
[3.863s] -- Found PCL_APPS: /usr/lib/x86_64-linux-gnu/libpcl_apps.so  
[3.864s] -- Found PCL_IN_HAND_SCANNER: /usr/include/pcl-1.12  
[3.865s] -- Found PCL_MODELER: /usr/include/pcl-1.12  
[3.866s] -- Found PCL_POINT_CLOUD_EDITOR: /usr/include/pcl-1.12  
[3.870s] -- Found PCL_OUTOFCORE: /usr/lib/x86_64-linux-gnu/libpcl_outofcore.so  
[3.872s] -- Found PCL_PEOPLE: /usr/lib/x86_64-linux-gnu/libpcl_people.so  
[3.910s] -- Found ament_lint_auto: 0.12.14 (/opt/ros/humble/share/ament_lint_auto/cmake)
[4.035s] [0mIn this package, headers install destination is set to `include` by ament_auto_package. It is recommended to install `include/loam_interface` instead and will be the default behavior of ament_auto_package from ROS 2 Kilted Kaiju. On distributions before Kilted, ament_auto_package behaves the same way when you use USE_SCOPED_HEADER_INSTALL_DIR option.[0m
[4.044s] -- Added test 'copyright' to check source files copyright and LICENSE
[4.046s] -- Added test 'cppcheck' to perform static code analysis on C / C++ code
[4.047s] -- Configured cppcheck include dirs: /home/luojiafox/workspace/lf2026_sentry_ws/src/pb2025_sentry_nav/loam_interface/include
[4.047s] -- Configured cppcheck exclude dirs and/or files: 
[4.048s] -- Added test 'cpplint' to check C / C++ code against the Google style
[4.048s] -- Configured cpplint exclude dirs and/or files: 
[4.049s] -- Added test 'lint_cmake' to check CMake code style
[4.050s] -- Added test 'pep257' to check Python code against some of the docstring style conventions in PEP 257
[4.051s] -- Added test 'xmllint' to check XML markup files
[4.053s] -- Added test 'clang_format' to check C / C++ code style
[4.053s] -- Added test 'black' to check Python code style
[4.059s] -- Configuring done
[4.101s] -- Generating done
[4.111s] -- Build files have been written to: /home/luojiafox/workspace/lf2026_sentry_ws/build/loam_interface
[4.143s] Invoked command in '/home/luojiafox/workspace/lf2026_sentry_ws/build/loam_interface' returned '0': CMAKE_PREFIX_PATH=${CMAKE_PREFIX_PATH}:/opt/ros/humble VIRTUAL_ENV_PROMPT=(rosvenv) /usr/bin/cmake /home/luojiafox/workspace/lf2026_sentry_ws/src/pb2025_sentry_nav/loam_interface -DCMAKE_BUILD_TYPE=Release -DAMENT_CMAKE_SYMLINK_INSTALL=1 -DCMAKE_INSTALL_PREFIX=/home/luojiafox/workspace/lf2026_sentry_ws/install/loam_interface
[4.145s] Invoking command in '/home/luojiafox/workspace/lf2026_sentry_ws/build/loam_interface': CMAKE_PREFIX_PATH=${CMAKE_PREFIX_PATH}:/opt/ros/humble VIRTUAL_ENV_PROMPT=(rosvenv) /usr/bin/cmake --build /home/luojiafox/workspace/lf2026_sentry_ws/build/loam_interface -- -j22 -l22
[4.203s] [ 25%] [32mBuilding CXX object CMakeFiles/loam_interface_node.dir/rclcpp_components/node_main_loam_interface_node.cpp.o[0m
[4.206s] [ 50%] [32mBuilding CXX object CMakeFiles/loam_interface.dir/src/loam_interface.cpp.o[0m
[9.855s] [ 75%] [32m[1mLinking CXX executable loam_interface_node[0m
[10.081s] [ 75%] Built target loam_interface_node
[29.052s] [100%] [32m[1mLinking CXX shared library libloam_interface.so[0m
[29.387s] [100%] Built target loam_interface
[29.397s] Invoked command in '/home/luojiafox/workspace/lf2026_sentry_ws/build/loam_interface' returned '0': CMAKE_PREFIX_PATH=${CMAKE_PREFIX_PATH}:/opt/ros/humble VIRTUAL_ENV_PROMPT=(rosvenv) /usr/bin/cmake --build /home/luojiafox/workspace/lf2026_sentry_ws/build/loam_interface -- -j22 -l22
[29.399s] Invoking command in '/home/luojiafox/workspace/lf2026_sentry_ws/build/loam_interface': CMAKE_PREFIX_PATH=${CMAKE_PREFIX_PATH}:/opt/ros/humble VIRTUAL_ENV_PROMPT=(rosvenv) /usr/bin/cmake --install /home/luojiafox/workspace/lf2026_sentry_ws/build/loam_interface
[29.408s] -- Install configuration: "Release"
[29.409s] -- Execute custom install script
[29.409s] -- Symlinking: /home/luojiafox/workspace/lf2026_sentry_ws/install/loam_interface/lib/loam_interface/loam_interface_node
[29.421s] -- Symlinking: /home/luojiafox/workspace/lf2026_sentry_ws/install/loam_interface/include/loam_interface/loam_interface.hpp
[29.433s] -- Symlinking: /home/luojiafox/workspace/lf2026_sentry_ws/install/loam_interface/share/loam_interface/environment/library_path.sh
[29.444s] -- Symlinking: /home/luojiafox/workspace/lf2026_sentry_ws/install/loam_interface/share/loam_interface/environment/library_path.dsv
[29.452s] -- Symlinking: /home/luojiafox/workspace/lf2026_sentry_ws/install/loam_interface/lib/libloam_interface.so
[29.463s] -- Symlinking: /home/luojiafox/workspace/lf2026_sentry_ws/install/loam_interface/share/loam_interface/launch/loam_interface_launch.py
[29.471s] -- Symlinking: /home/luojiafox/workspace/lf2026_sentry_ws/install/loam_interface/share/ament_index/resource_index/package_run_dependencies/loam_interface
[29.482s] -- Symlinking: /home/luojiafox/workspace/lf2026_sentry_ws/install/loam_interface/share/ament_index/resource_index/parent_prefix_path/loam_interface
[29.490s] -- Symlinking: /home/luojiafox/workspace/lf2026_sentry_ws/install/loam_interface/share/loam_interface/environment/ament_prefix_path.sh
[29.496s] -- Symlinking: /home/luojiafox/workspace/lf2026_sentry_ws/install/loam_interface/share/loam_interface/environment/ament_prefix_path.dsv
[29.505s] -- Symlinking: /home/luojiafox/workspace/lf2026_sentry_ws/install/loam_interface/share/loam_interface/environment/path.sh
[29.516s] -- Symlinking: /home/luojiafox/workspace/lf2026_sentry_ws/install/loam_interface/share/loam_interface/environment/path.dsv
[29.527s] -- Symlinking: /home/luojiafox/workspace/lf2026_sentry_ws/install/loam_interface/share/loam_interface/local_setup.bash
[29.536s] -- Symlinking: /home/luojiafox/workspace/lf2026_sentry_ws/install/loam_interface/share/loam_interface/local_setup.sh
[29.546s] -- Symlinking: /home/luojiafox/workspace/lf2026_sentry_ws/install/loam_interface/share/loam_interface/local_setup.zsh
[29.556s] -- Symlinking: /home/luojiafox/workspace/lf2026_sentry_ws/install/loam_interface/share/loam_interface/local_setup.dsv
[29.567s] -- Symlinking: /home/luojiafox/workspace/lf2026_sentry_ws/install/loam_interface/share/loam_interface/package.dsv
[29.579s] -- Symlinking: /home/luojiafox/workspace/lf2026_sentry_ws/install/loam_interface/share/ament_index/resource_index/packages/loam_interface
[29.590s] -- Symlinking: /home/luojiafox/workspace/lf2026_sentry_ws/install/loam_interface/share/ament_index/resource_index/rclcpp_components/loam_interface
[29.601s] -- Symlinking: /home/luojiafox/workspace/lf2026_sentry_ws/install/loam_interface/share/loam_interface/cmake/ament_cmake_export_dependencies-extras.cmake
[29.612s] -- Symlinking: /home/luojiafox/workspace/lf2026_sentry_ws/install/loam_interface/share/loam_interface/cmake/ament_cmake_export_include_directories-extras.cmake
[29.623s] -- Symlinking: /home/luojiafox/workspace/lf2026_sentry_ws/install/loam_interface/share/loam_interface/cmake/ament_cmake_export_libraries-extras.cmake
[29.633s] -- Symlinking: /home/luojiafox/workspace/lf2026_sentry_ws/install/loam_interface/share/loam_interface/cmake/loam_interfaceConfig.cmake
[29.644s] -- Symlinking: /home/luojiafox/workspace/lf2026_sentry_ws/install/loam_interface/share/loam_interface/cmake/loam_interfaceConfig-version.cmake
[29.654s] -- Symlinking: /home/luojiafox/workspace/lf2026_sentry_ws/install/loam_interface/share/loam_interface/package.xml
[29.668s] Invoked command in '/home/luojiafox/workspace/lf2026_sentry_ws/build/loam_interface' returned '0': CMAKE_PREFIX_PATH=${CMAKE_PREFIX_PATH}:/opt/ros/humble VIRTUAL_ENV_PROMPT=(rosvenv) /usr/bin/cmake --install /home/luojiafox/workspace/lf2026_sentry_ws/build/loam_interface
