[0.063s] Invoking command in '/home/luojiafox/workspace/lf2026_sentry_ws/build/ign_sim_pointcloud_tool': CMAKE_PREFIX_PATH=${CMAKE_PREFIX_PATH}:/opt/ros/humble VIRTUAL_ENV_PROMPT=(rosvenv) /usr/bin/cmake /home/luojiafox/workspace/lf2026_sentry_ws/src/pb2025_sentry_nav/ign_sim_pointcloud_tool -DCMAKE_BUILD_TYPE=Release -DAMENT_CMAKE_SYMLINK_INSTALL=1 -DCMAKE_INSTALL_PREFIX=/home/luojiafox/workspace/lf2026_sentry_ws/install/ign_sim_pointcloud_tool
[0.132s] -- The C compiler identification is GNU 11.4.0
[0.196s] -- The CXX compiler identification is GNU 11.4.0
[0.205s] -- Detecting C compiler ABI info
[0.265s] -- Detecting C compiler ABI info - done
[0.271s] -- Check for working C compiler: /usr/bin/cc - skipped
[0.271s] -- Detecting C compile features
[0.272s] -- Detecting C compile features - done
[0.275s] -- Detecting CXX compiler ABI info
[0.332s] -- Detecting CXX compiler ABI info - done
[0.339s] -- Check for working CXX compiler: /usr/bin/c++ - skipped
[0.339s] -- Detecting CXX compile features
[0.339s] -- Detecting CXX compile features - done
[0.347s] -- Found ament_cmake_auto: 1.3.12 (/opt/ros/humble/share/ament_cmake_auto/cmake)
[0.489s] -- Found Python3: /home/luojiafox/venv/rosvenv/bin/python3 (found version "3.10.12") found components: Interpreter 
[0.550s] -- Override CMake install command with custom implementation using symlinks instead of copying resources
[0.792s] -- Found rosidl_generator_c: 3.1.7 (/opt/ros/humble/share/rosidl_generator_c/cmake)
[0.807s] -- Found rosidl_adapter: 3.1.7 (/opt/ros/humble/share/rosidl_adapter/cmake)
[0.828s] -- Found rosidl_generator_cpp: 3.1.7 (/opt/ros/humble/share/rosidl_generator_cpp/cmake)
[0.852s] -- Using all available rosidl_typesupport_c: rosidl_typesupport_fastrtps_c;rosidl_typesupport_introspection_c
[0.887s] -- Using all available rosidl_typesupport_cpp: rosidl_typesupport_fastrtps_cpp;rosidl_typesupport_introspection_cpp
[0.988s] -- Found rmw_implementation_cmake: 6.1.2 (/opt/ros/humble/share/rmw_implementation_cmake/cmake)
[0.997s] -- Found rmw_fastrtps_cpp: 6.2.8 (/opt/ros/humble/share/rmw_fastrtps_cpp/cmake)
[1.118s] -- Found OpenSSL: /usr/lib/x86_64-linux-gnu/libcrypto.so (found version "3.0.2")  
[1.146s] -- Found FastRTPS: /opt/ros/humble/include  
[1.194s] -- Using RMW implementation 'rmw_fastrtps_cpp' as default
[1.209s] -- Looking for pthread.h
[1.258s] -- Looking for pthread.h - found
[1.258s] -- Performing Test CMAKE_HAVE_LIBC_PTHREAD
[1.314s] -- Performing Test CMAKE_HAVE_LIBC_PTHREAD - Success
[1.315s] -- Found Threads: TRUE  
[1.478s] -- Checking for module 'eigen3'
[1.489s] --   Found eigen3, version 3.4.0
[1.514s] -- Found Eigen: /usr/include/eigen3 (Required is at least version "3.1") 
[1.514s] -- Eigen found (include: /usr/include/eigen3, version: 3.4.0)
[1.584s] -- Checking for module 'flann'
[1.593s] --   Found flann, version 1.9.1
[1.626s] -- Found FLANN: /usr/lib/x86_64-linux-gnu/libflann_cpp.so  
[1.626s] -- FLANN found (include: /usr/include, lib: /usr/lib/x86_64-linux-gnu/libflann_cpp.so)
[2.645s] -- Checking for module 'libusb-1.0'
[2.658s] --   Found libusb-1.0, version 1.0.25
[2.697s] -- Found libusb: /usr/lib/x86_64-linux-gnu/libusb-1.0.so  
[2.697s] -- OpenNI found (version: 1.5.4.0, include: /usr/include/ni, lib: /usr/lib/libOpenNI.so;libusb::libusb)
[2.762s] -- OpenNI2 found (version: 2.2.0.33, include: /usr/include/openni2, lib: /usr/lib/x86_64-linux-gnu/libOpenNI2.so;libusb::libusb)
[2.914s] -- Eigen found (include: /usr/include/eigen3, version: 3.4.0)
[2.918s] -- OpenNI found (version: 1.5.4.0, include: /usr/include/ni, lib: /usr/lib/libOpenNI.so;libusb::libusb)
[2.923s] -- OpenNI2 found (version: 2.2.0.33, include: /usr/include/openni2, lib: /usr/lib/x86_64-linux-gnu/libOpenNI2.so;libusb::libusb)
[3.054s] -- Found Qhull version 8.0.2
[3.222s] -- OpenNI found (version: 1.5.4.0, include: /usr/include/ni, lib: /usr/lib/libOpenNI.so;libusb::libusb)
[3.335s] -- Found PCL_COMMON: /usr/lib/x86_64-linux-gnu/libpcl_common.so  
[3.336s] -- Found PCL_KDTREE: /usr/lib/x86_64-linux-gnu/libpcl_kdtree.so  
[3.337s] -- Found PCL_OCTREE: /usr/lib/x86_64-linux-gnu/libpcl_octree.so  
[3.346s] -- Found PCL_SEARCH: /usr/lib/x86_64-linux-gnu/libpcl_search.so  
[3.346s] -- Found PCL_SAMPLE_CONSENSUS: /usr/lib/x86_64-linux-gnu/libpcl_sample_consensus.so  
[3.346s] -- Found PCL_FILTERS: /usr/lib/x86_64-linux-gnu/libpcl_filters.so  
[3.346s] -- Found PCL_2D: /usr/include/pcl-1.12  
[3.346s] -- Found PCL_GEOMETRY: /usr/include/pcl-1.12  
[3.346s] -- Found PCL_IO: /usr/lib/x86_64-linux-gnu/libpcl_io.so  
[3.346s] -- Found PCL_FEATURES: /usr/lib/x86_64-linux-gnu/libpcl_features.so  
[3.346s] -- Found PCL_ML: /usr/lib/x86_64-linux-gnu/libpcl_ml.so  
[3.346s] -- Found PCL_SEGMENTATION: /usr/lib/x86_64-linux-gnu/libpcl_segmentation.so  
[3.346s] -- Found PCL_VISUALIZATION: /usr/lib/x86_64-linux-gnu/libpcl_visualization.so  
[3.346s] -- Found PCL_SURFACE: /usr/lib/x86_64-linux-gnu/libpcl_surface.so  
[3.346s] -- Found PCL_REGISTRATION: /usr/lib/x86_64-linux-gnu/libpcl_registration.so  
[3.346s] -- Found PCL_KEYPOINTS: /usr/lib/x86_64-linux-gnu/libpcl_keypoints.so  
[3.346s] -- Found PCL_TRACKING: /usr/lib/x86_64-linux-gnu/libpcl_tracking.so  
[3.346s] -- Found PCL_RECOGNITION: /usr/lib/x86_64-linux-gnu/libpcl_recognition.so  
[3.347s] -- Found PCL_STEREO: /usr/lib/x86_64-linux-gnu/libpcl_stereo.so  
[3.348s] -- Found PCL_APPS: /usr/lib/x86_64-linux-gnu/libpcl_apps.so  
[3.348s] -- Found PCL_IN_HAND_SCANNER: /usr/include/pcl-1.12  
[3.349s] -- Found PCL_MODELER: /usr/include/pcl-1.12  
[3.350s] -- Found PCL_POINT_CLOUD_EDITOR: /usr/include/pcl-1.12  
[3.351s] -- Found PCL_OUTOFCORE: /usr/lib/x86_64-linux-gnu/libpcl_outofcore.so  
[3.352s] -- Found PCL_PEOPLE: /usr/lib/x86_64-linux-gnu/libpcl_people.so  
[3.368s] -- Found ament_lint_auto: 0.12.14 (/opt/ros/humble/share/ament_lint_auto/cmake)
[3.464s] [0mIn this package, headers install destination is set to `include` by ament_auto_package. It is recommended to install `include/ign_sim_pointcloud_tool` instead and will be the default behavior of ament_auto_package from ROS 2 Kilted Kaiju. On distributions before Kilted, ament_auto_package behaves the same way when you use USE_SCOPED_HEADER_INSTALL_DIR option.[0m
[3.471s] -- Added test 'copyright' to check source files copyright and LICENSE
[3.473s] -- Added test 'cppcheck' to perform static code analysis on C / C++ code
[3.473s] -- Configured cppcheck include dirs: /home/luojiafox/workspace/lf2026_sentry_ws/src/pb2025_sentry_nav/ign_sim_pointcloud_tool/include
[3.473s] -- Configured cppcheck exclude dirs and/or files: 
[3.475s] -- Added test 'cpplint' to check C / C++ code against the Google style
[3.475s] -- Configured cpplint exclude dirs and/or files: 
[3.475s] -- Added test 'lint_cmake' to check CMake code style
[3.476s] -- Added test 'xmllint' to check XML markup files
[3.478s] -- Added test 'clang_format' to check C / C++ code style
[3.484s] -- Configuring done
[3.564s] -- Generating done
[3.578s] -- Build files have been written to: /home/luojiafox/workspace/lf2026_sentry_ws/build/ign_sim_pointcloud_tool
[3.615s] Invoked command in '/home/luojiafox/workspace/lf2026_sentry_ws/build/ign_sim_pointcloud_tool' returned '0': CMAKE_PREFIX_PATH=${CMAKE_PREFIX_PATH}:/opt/ros/humble VIRTUAL_ENV_PROMPT=(rosvenv) /usr/bin/cmake /home/luojiafox/workspace/lf2026_sentry_ws/src/pb2025_sentry_nav/ign_sim_pointcloud_tool -DCMAKE_BUILD_TYPE=Release -DAMENT_CMAKE_SYMLINK_INSTALL=1 -DCMAKE_INSTALL_PREFIX=/home/luojiafox/workspace/lf2026_sentry_ws/install/ign_sim_pointcloud_tool
[3.618s] Invoking command in '/home/luojiafox/workspace/lf2026_sentry_ws/build/ign_sim_pointcloud_tool': CMAKE_PREFIX_PATH=${CMAKE_PREFIX_PATH}:/opt/ros/humble VIRTUAL_ENV_PROMPT=(rosvenv) /usr/bin/cmake --build /home/luojiafox/workspace/lf2026_sentry_ws/build/ign_sim_pointcloud_tool -- -j22 -l22
[3.679s] [ 25%] [32mBuilding CXX object CMakeFiles/ign_sim_pointcloud_tool_node.dir/rclcpp_components/node_main_ign_sim_pointcloud_tool_node.cpp.o[0m
[3.680s] [ 50%] [32mBuilding CXX object CMakeFiles/ign_sim_pointcloud_tool.dir/src/point_cloud_converter.cpp.o[0m
[7.804s] [ 75%] [32m[1mLinking CXX executable ign_sim_pointcloud_tool_node[0m
[8.037s] [ 75%] Built target ign_sim_pointcloud_tool_node
[20.403s] [100%] [32m[1mLinking CXX shared library libign_sim_pointcloud_tool.so[0m
[20.664s] [100%] Built target ign_sim_pointcloud_tool
[20.675s] Invoked command in '/home/luojiafox/workspace/lf2026_sentry_ws/build/ign_sim_pointcloud_tool' returned '0': CMAKE_PREFIX_PATH=${CMAKE_PREFIX_PATH}:/opt/ros/humble VIRTUAL_ENV_PROMPT=(rosvenv) /usr/bin/cmake --build /home/luojiafox/workspace/lf2026_sentry_ws/build/ign_sim_pointcloud_tool -- -j22 -l22
[20.677s] Invoking command in '/home/luojiafox/workspace/lf2026_sentry_ws/build/ign_sim_pointcloud_tool': CMAKE_PREFIX_PATH=${CMAKE_PREFIX_PATH}:/opt/ros/humble VIRTUAL_ENV_PROMPT=(rosvenv) /usr/bin/cmake --install /home/luojiafox/workspace/lf2026_sentry_ws/build/ign_sim_pointcloud_tool
[20.684s] -- Install configuration: "Release"
[20.684s] -- Execute custom install script
[20.684s] -- Symlinking: /home/luojiafox/workspace/lf2026_sentry_ws/install/ign_sim_pointcloud_tool/lib/ign_sim_pointcloud_tool/ign_sim_pointcloud_tool_node
[20.694s] -- Symlinking: /home/luojiafox/workspace/lf2026_sentry_ws/install/ign_sim_pointcloud_tool/include/ign_sim_pointcloud_tool/point_cloud_converter.hpp
[20.701s] -- Symlinking: /home/luojiafox/workspace/lf2026_sentry_ws/install/ign_sim_pointcloud_tool/share/ign_sim_pointcloud_tool/environment/library_path.sh
[20.707s] -- Symlinking: /home/luojiafox/workspace/lf2026_sentry_ws/install/ign_sim_pointcloud_tool/share/ign_sim_pointcloud_tool/environment/library_path.dsv
[20.713s] -- Symlinking: /home/luojiafox/workspace/lf2026_sentry_ws/install/ign_sim_pointcloud_tool/lib/libign_sim_pointcloud_tool.so
[20.724s] -- Symlinking: /home/luojiafox/workspace/lf2026_sentry_ws/install/ign_sim_pointcloud_tool/share/ament_index/resource_index/package_run_dependencies/ign_sim_pointcloud_tool
[20.735s] -- Symlinking: /home/luojiafox/workspace/lf2026_sentry_ws/install/ign_sim_pointcloud_tool/share/ament_index/resource_index/parent_prefix_path/ign_sim_pointcloud_tool
[20.748s] -- Symlinking: /home/luojiafox/workspace/lf2026_sentry_ws/install/ign_sim_pointcloud_tool/share/ign_sim_pointcloud_tool/environment/ament_prefix_path.sh
[20.759s] -- Symlinking: /home/luojiafox/workspace/lf2026_sentry_ws/install/ign_sim_pointcloud_tool/share/ign_sim_pointcloud_tool/environment/ament_prefix_path.dsv
[20.770s] -- Symlinking: /home/luojiafox/workspace/lf2026_sentry_ws/install/ign_sim_pointcloud_tool/share/ign_sim_pointcloud_tool/environment/path.sh
[20.781s] -- Symlinking: /home/luojiafox/workspace/lf2026_sentry_ws/install/ign_sim_pointcloud_tool/share/ign_sim_pointcloud_tool/environment/path.dsv
[20.794s] -- Symlinking: /home/luojiafox/workspace/lf2026_sentry_ws/install/ign_sim_pointcloud_tool/share/ign_sim_pointcloud_tool/local_setup.bash
[20.800s] -- Symlinking: /home/luojiafox/workspace/lf2026_sentry_ws/install/ign_sim_pointcloud_tool/share/ign_sim_pointcloud_tool/local_setup.sh
[20.806s] -- Symlinking: /home/luojiafox/workspace/lf2026_sentry_ws/install/ign_sim_pointcloud_tool/share/ign_sim_pointcloud_tool/local_setup.zsh
[20.816s] -- Symlinking: /home/luojiafox/workspace/lf2026_sentry_ws/install/ign_sim_pointcloud_tool/share/ign_sim_pointcloud_tool/local_setup.dsv
[20.827s] -- Symlinking: /home/luojiafox/workspace/lf2026_sentry_ws/install/ign_sim_pointcloud_tool/share/ign_sim_pointcloud_tool/package.dsv
[20.839s] -- Symlinking: /home/luojiafox/workspace/lf2026_sentry_ws/install/ign_sim_pointcloud_tool/share/ament_index/resource_index/packages/ign_sim_pointcloud_tool
[20.846s] -- Symlinking: /home/luojiafox/workspace/lf2026_sentry_ws/install/ign_sim_pointcloud_tool/share/ament_index/resource_index/rclcpp_components/ign_sim_pointcloud_tool
[20.853s] -- Symlinking: /home/luojiafox/workspace/lf2026_sentry_ws/install/ign_sim_pointcloud_tool/share/ign_sim_pointcloud_tool/cmake/ament_cmake_export_dependencies-extras.cmake
[20.862s] -- Symlinking: /home/luojiafox/workspace/lf2026_sentry_ws/install/ign_sim_pointcloud_tool/share/ign_sim_pointcloud_tool/cmake/ament_cmake_export_include_directories-extras.cmake
[20.868s] -- Symlinking: /home/luojiafox/workspace/lf2026_sentry_ws/install/ign_sim_pointcloud_tool/share/ign_sim_pointcloud_tool/cmake/ament_cmake_export_libraries-extras.cmake
[20.876s] -- Symlinking: /home/luojiafox/workspace/lf2026_sentry_ws/install/ign_sim_pointcloud_tool/share/ign_sim_pointcloud_tool/cmake/ign_sim_pointcloud_toolConfig.cmake
[20.882s] -- Symlinking: /home/luojiafox/workspace/lf2026_sentry_ws/install/ign_sim_pointcloud_tool/share/ign_sim_pointcloud_tool/cmake/ign_sim_pointcloud_toolConfig-version.cmake
[20.890s] -- Symlinking: /home/luojiafox/workspace/lf2026_sentry_ws/install/ign_sim_pointcloud_tool/share/ign_sim_pointcloud_tool/package.xml
[20.899s] Invoked command in '/home/luojiafox/workspace/lf2026_sentry_ws/build/ign_sim_pointcloud_tool' returned '0': CMAKE_PREFIX_PATH=${CMAKE_PREFIX_PATH}:/opt/ros/humble VIRTUAL_ENV_PROMPT=(rosvenv) /usr/bin/cmake --install /home/luojiafox/workspace/lf2026_sentry_ws/build/ign_sim_pointcloud_tool
