[0.023s] Invoking command in '/home/luojiafox/workspace/lf2026_sentry_ws/build/pb2025_sentry_nav': AMENT_PREFIX_PATH=/home/luojiafox/workspace/lf2026_sentry_ws/install/sensor_scan_generation:/home/luojiafox/workspace/lf2026_sentry_ws/install/loam_interface:/home/luojiafox/workspace/lf2026_sentry_ws/install/ign_sim_pointcloud_tool:/home/luojiafox/workspace/lf2026_sentry_ws/install/fake_vel_transform:${AMENT_PREFIX_PATH} CMAKE_PREFIX_PATH=/home/luojiafox/workspace/lf2026_sentry_ws/install/sensor_scan_generation:/home/luojiafox/workspace/lf2026_sentry_ws/install/loam_interface:/home/luojiafox/workspace/lf2026_sentry_ws/install/ign_sim_pointcloud_tool:/home/luojiafox/workspace/lf2026_sentry_ws/install/fake_vel_transform:/opt/ros/humble/opt/openeb_vendor:/opt/ros/humble/opt/libcaer_vendor:/opt/ros/humble LD_LIBRARY_PATH=/home/luojiafox/workspace/lf2026_sentry_ws/install/sensor_scan_generation/lib:/home/luojiafox/workspace/lf2026_sentry_ws/install/loam_interface/lib:/home/luojiafox/workspace/lf2026_sentry_ws/install/ign_sim_pointcloud_tool/lib:/home/luojiafox/workspace/lf2026_sentry_ws/install/fake_vel_transform/lib:${LD_LIBRARY_PATH} VIRTUAL_ENV_PROMPT=(rosvenv) /usr/bin/cmake /home/luojiafox/workspace/lf2026_sentry_ws/src/pb2025_sentry_nav/pb2025_sentry_nav -DCMAKE_BUILD_TYPE=Release -DAMENT_CMAKE_SYMLINK_INSTALL=1 -DCMAKE_INSTALL_PREFIX=/home/luojiafox/workspace/lf2026_sentry_ws/install/pb2025_sentry_nav
[0.080s] -- The C compiler identification is GNU 11.4.0
[0.127s] -- The CXX compiler identification is GNU 11.4.0
[0.135s] -- Detecting C compiler ABI info
[0.207s] -- Detecting C compiler ABI info - done
[0.214s] -- Check for working C compiler: /usr/bin/cc - skipped
[0.214s] -- Detecting C compile features
[0.214s] -- Detecting C compile features - done
[0.218s] -- Detecting CXX compiler ABI info
[0.292s] -- Detecting CXX compiler ABI info - done
[0.300s] -- Check for working CXX compiler: /usr/bin/c++ - skipped
[0.301s] -- Detecting CXX compile features
[0.301s] -- Detecting CXX compile features - done
[0.310s] -- Found ament_cmake_auto: 1.3.12 (/opt/ros/humble/share/ament_cmake_auto/cmake)
[0.467s] -- Found Python3: /home/luojiafox/venv/rosvenv/bin/python3 (found version "3.10.12") found components: Interpreter 
[0.520s] -- Override CMake install command with custom implementation using symlinks instead of copying resources
[0.585s] -- Found ament_lint_auto: 0.12.14 (/opt/ros/humble/share/ament_lint_auto/cmake)
[0.735s] -- Added test 'lint_cmake' to check CMake code style
[0.736s] -- Added test 'xmllint' to check XML markup files
[0.737s] -- Configuring done
[0.742s] -- Generating done
[0.744s] -- Build files have been written to: /home/luojiafox/workspace/lf2026_sentry_ws/build/pb2025_sentry_nav
[0.751s] Invoked command in '/home/luojiafox/workspace/lf2026_sentry_ws/build/pb2025_sentry_nav' returned '0': AMENT_PREFIX_PATH=/home/luojiafox/workspace/lf2026_sentry_ws/install/sensor_scan_generation:/home/luojiafox/workspace/lf2026_sentry_ws/install/loam_interface:/home/luojiafox/workspace/lf2026_sentry_ws/install/ign_sim_pointcloud_tool:/home/luojiafox/workspace/lf2026_sentry_ws/install/fake_vel_transform:${AMENT_PREFIX_PATH} CMAKE_PREFIX_PATH=/home/luojiafox/workspace/lf2026_sentry_ws/install/sensor_scan_generation:/home/luojiafox/workspace/lf2026_sentry_ws/install/loam_interface:/home/luojiafox/workspace/lf2026_sentry_ws/install/ign_sim_pointcloud_tool:/home/luojiafox/workspace/lf2026_sentry_ws/install/fake_vel_transform:/opt/ros/humble/opt/openeb_vendor:/opt/ros/humble/opt/libcaer_vendor:/opt/ros/humble LD_LIBRARY_PATH=/home/luojiafox/workspace/lf2026_sentry_ws/install/sensor_scan_generation/lib:/home/luojiafox/workspace/lf2026_sentry_ws/install/loam_interface/lib:/home/luojiafox/workspace/lf2026_sentry_ws/install/ign_sim_pointcloud_tool/lib:/home/luojiafox/workspace/lf2026_sentry_ws/install/fake_vel_transform/lib:${LD_LIBRARY_PATH} VIRTUAL_ENV_PROMPT=(rosvenv) /usr/bin/cmake /home/luojiafox/workspace/lf2026_sentry_ws/src/pb2025_sentry_nav/pb2025_sentry_nav -DCMAKE_BUILD_TYPE=Release -DAMENT_CMAKE_SYMLINK_INSTALL=1 -DCMAKE_INSTALL_PREFIX=/home/luojiafox/workspace/lf2026_sentry_ws/install/pb2025_sentry_nav
[0.754s] Invoking command in '/home/luojiafox/workspace/lf2026_sentry_ws/build/pb2025_sentry_nav': AMENT_PREFIX_PATH=/home/luojiafox/workspace/lf2026_sentry_ws/install/sensor_scan_generation:/home/luojiafox/workspace/lf2026_sentry_ws/install/loam_interface:/home/luojiafox/workspace/lf2026_sentry_ws/install/ign_sim_pointcloud_tool:/home/luojiafox/workspace/lf2026_sentry_ws/install/fake_vel_transform:${AMENT_PREFIX_PATH} CMAKE_PREFIX_PATH=/home/luojiafox/workspace/lf2026_sentry_ws/install/sensor_scan_generation:/home/luojiafox/workspace/lf2026_sentry_ws/install/loam_interface:/home/luojiafox/workspace/lf2026_sentry_ws/install/ign_sim_pointcloud_tool:/home/luojiafox/workspace/lf2026_sentry_ws/install/fake_vel_transform:/opt/ros/humble/opt/openeb_vendor:/opt/ros/humble/opt/libcaer_vendor:/opt/ros/humble LD_LIBRARY_PATH=/home/luojiafox/workspace/lf2026_sentry_ws/install/sensor_scan_generation/lib:/home/luojiafox/workspace/lf2026_sentry_ws/install/loam_interface/lib:/home/luojiafox/workspace/lf2026_sentry_ws/install/ign_sim_pointcloud_tool/lib:/home/luojiafox/workspace/lf2026_sentry_ws/install/fake_vel_transform/lib:${LD_LIBRARY_PATH} VIRTUAL_ENV_PROMPT=(rosvenv) /usr/bin/cmake --build /home/luojiafox/workspace/lf2026_sentry_ws/build/pb2025_sentry_nav -- -j22 -l22
[0.793s] Invoked command in '/home/luojiafox/workspace/lf2026_sentry_ws/build/pb2025_sentry_nav' returned '0': AMENT_PREFIX_PATH=/home/luojiafox/workspace/lf2026_sentry_ws/install/sensor_scan_generation:/home/luojiafox/workspace/lf2026_sentry_ws/install/loam_interface:/home/luojiafox/workspace/lf2026_sentry_ws/install/ign_sim_pointcloud_tool:/home/luojiafox/workspace/lf2026_sentry_ws/install/fake_vel_transform:${AMENT_PREFIX_PATH} CMAKE_PREFIX_PATH=/home/luojiafox/workspace/lf2026_sentry_ws/install/sensor_scan_generation:/home/luojiafox/workspace/lf2026_sentry_ws/install/loam_interface:/home/luojiafox/workspace/lf2026_sentry_ws/install/ign_sim_pointcloud_tool:/home/luojiafox/workspace/lf2026_sentry_ws/install/fake_vel_transform:/opt/ros/humble/opt/openeb_vendor:/opt/ros/humble/opt/libcaer_vendor:/opt/ros/humble LD_LIBRARY_PATH=/home/luojiafox/workspace/lf2026_sentry_ws/install/sensor_scan_generation/lib:/home/luojiafox/workspace/lf2026_sentry_ws/install/loam_interface/lib:/home/luojiafox/workspace/lf2026_sentry_ws/install/ign_sim_pointcloud_tool/lib:/home/luojiafox/workspace/lf2026_sentry_ws/install/fake_vel_transform/lib:${LD_LIBRARY_PATH} VIRTUAL_ENV_PROMPT=(rosvenv) /usr/bin/cmake --build /home/luojiafox/workspace/lf2026_sentry_ws/build/pb2025_sentry_nav -- -j22 -l22
[0.795s] Invoking command in '/home/luojiafox/workspace/lf2026_sentry_ws/build/pb2025_sentry_nav': AMENT_PREFIX_PATH=/home/luojiafox/workspace/lf2026_sentry_ws/install/sensor_scan_generation:/home/luojiafox/workspace/lf2026_sentry_ws/install/loam_interface:/home/luojiafox/workspace/lf2026_sentry_ws/install/ign_sim_pointcloud_tool:/home/luojiafox/workspace/lf2026_sentry_ws/install/fake_vel_transform:${AMENT_PREFIX_PATH} CMAKE_PREFIX_PATH=/home/luojiafox/workspace/lf2026_sentry_ws/install/sensor_scan_generation:/home/luojiafox/workspace/lf2026_sentry_ws/install/loam_interface:/home/luojiafox/workspace/lf2026_sentry_ws/install/ign_sim_pointcloud_tool:/home/luojiafox/workspace/lf2026_sentry_ws/install/fake_vel_transform:/opt/ros/humble/opt/openeb_vendor:/opt/ros/humble/opt/libcaer_vendor:/opt/ros/humble LD_LIBRARY_PATH=/home/luojiafox/workspace/lf2026_sentry_ws/install/sensor_scan_generation/lib:/home/luojiafox/workspace/lf2026_sentry_ws/install/loam_interface/lib:/home/luojiafox/workspace/lf2026_sentry_ws/install/ign_sim_pointcloud_tool/lib:/home/luojiafox/workspace/lf2026_sentry_ws/install/fake_vel_transform/lib:${LD_LIBRARY_PATH} VIRTUAL_ENV_PROMPT=(rosvenv) /usr/bin/cmake --install /home/luojiafox/workspace/lf2026_sentry_ws/build/pb2025_sentry_nav
[0.806s] -- Install configuration: "Release"
[0.806s] -- Execute custom install script
[0.806s] -- Symlinking: /home/luojiafox/workspace/lf2026_sentry_ws/install/pb2025_sentry_nav/share/ament_index/resource_index/package_run_dependencies/pb2025_sentry_nav
[0.814s] -- Symlinking: /home/luojiafox/workspace/lf2026_sentry_ws/install/pb2025_sentry_nav/share/ament_index/resource_index/parent_prefix_path/pb2025_sentry_nav
[0.824s] -- Symlinking: /home/luojiafox/workspace/lf2026_sentry_ws/install/pb2025_sentry_nav/share/pb2025_sentry_nav/environment/ament_prefix_path.sh
[0.831s] -- Symlinking: /home/luojiafox/workspace/lf2026_sentry_ws/install/pb2025_sentry_nav/share/pb2025_sentry_nav/environment/ament_prefix_path.dsv
[0.837s] -- Symlinking: /home/luojiafox/workspace/lf2026_sentry_ws/install/pb2025_sentry_nav/share/pb2025_sentry_nav/environment/path.sh
[0.847s] -- Symlinking: /home/luojiafox/workspace/lf2026_sentry_ws/install/pb2025_sentry_nav/share/pb2025_sentry_nav/environment/path.dsv
[0.853s] -- Symlinking: /home/luojiafox/workspace/lf2026_sentry_ws/install/pb2025_sentry_nav/share/pb2025_sentry_nav/local_setup.bash
[0.863s] -- Symlinking: /home/luojiafox/workspace/lf2026_sentry_ws/install/pb2025_sentry_nav/share/pb2025_sentry_nav/local_setup.sh
[0.870s] -- Symlinking: /home/luojiafox/workspace/lf2026_sentry_ws/install/pb2025_sentry_nav/share/pb2025_sentry_nav/local_setup.zsh
[0.881s] -- Symlinking: /home/luojiafox/workspace/lf2026_sentry_ws/install/pb2025_sentry_nav/share/pb2025_sentry_nav/local_setup.dsv
[0.890s] -- Symlinking: /home/luojiafox/workspace/lf2026_sentry_ws/install/pb2025_sentry_nav/share/pb2025_sentry_nav/package.dsv
[0.901s] -- Symlinking: /home/luojiafox/workspace/lf2026_sentry_ws/install/pb2025_sentry_nav/share/ament_index/resource_index/packages/pb2025_sentry_nav
[0.909s] -- Symlinking: /home/luojiafox/workspace/lf2026_sentry_ws/install/pb2025_sentry_nav/share/pb2025_sentry_nav/cmake/pb2025_sentry_navConfig.cmake
[0.920s] -- Symlinking: /home/luojiafox/workspace/lf2026_sentry_ws/install/pb2025_sentry_nav/share/pb2025_sentry_nav/cmake/pb2025_sentry_navConfig-version.cmake
[0.931s] -- Symlinking: /home/luojiafox/workspace/lf2026_sentry_ws/install/pb2025_sentry_nav/share/pb2025_sentry_nav/package.xml
[0.945s] Invoked command in '/home/luojiafox/workspace/lf2026_sentry_ws/build/pb2025_sentry_nav' returned '0': AMENT_PREFIX_PATH=/home/luojiafox/workspace/lf2026_sentry_ws/install/sensor_scan_generation:/home/luojiafox/workspace/lf2026_sentry_ws/install/loam_interface:/home/luojiafox/workspace/lf2026_sentry_ws/install/ign_sim_pointcloud_tool:/home/luojiafox/workspace/lf2026_sentry_ws/install/fake_vel_transform:${AMENT_PREFIX_PATH} CMAKE_PREFIX_PATH=/home/luojiafox/workspace/lf2026_sentry_ws/install/sensor_scan_generation:/home/luojiafox/workspace/lf2026_sentry_ws/install/loam_interface:/home/luojiafox/workspace/lf2026_sentry_ws/install/ign_sim_pointcloud_tool:/home/luojiafox/workspace/lf2026_sentry_ws/install/fake_vel_transform:/opt/ros/humble/opt/openeb_vendor:/opt/ros/humble/opt/libcaer_vendor:/opt/ros/humble LD_LIBRARY_PATH=/home/luojiafox/workspace/lf2026_sentry_ws/install/sensor_scan_generation/lib:/home/luojiafox/workspace/lf2026_sentry_ws/install/loam_interface/lib:/home/luojiafox/workspace/lf2026_sentry_ws/install/ign_sim_pointcloud_tool/lib:/home/luojiafox/workspace/lf2026_sentry_ws/install/fake_vel_transform/lib:${LD_LIBRARY_PATH} VIRTUAL_ENV_PROMPT=(rosvenv) /usr/bin/cmake --install /home/luojiafox/workspace/lf2026_sentry_ws/build/pb2025_sentry_nav
