[1.151s] Invoking command in '/home/luojiafox/workspace/lf2026_sentry_ws/build/publish_anything_ros2_gui': PYTHONPATH=/home/luojiafox/workspace/lf2026_sentry_ws/build/publish_anything_ros2_gui/prefix_override:/usr/lib/python3/dist-packages/colcon_core/task/python/colcon_distutils_commands:/home/luojiafox/workspace/lf2026_sentry_ws/install/publish_anything_ros2_gui/lib/python3.10/site-packages:${PYTHONPATH} VIRTUAL_ENV_PROMPT=(rosvenv) /usr/bin/python3 -W ignore:setup.py install is deprecated -W ignore:easy_install command is deprecated setup.py develop --editable --build-directory /home/luojiafox/workspace/lf2026_sentry_ws/build/publish_anything_ros2_gui/build --no-deps symlink_data
[1.670s] running develop
[1.840s] /usr/lib/python3/dist-packages/pkg_resources/__init__.py:116: PkgResourcesDeprecationWarning: None is an invalid version and will not be supported in a future release
[1.840s]   warnings.warn(
[2.158s] running egg_info
[2.158s] creating publish_anything_ros2_gui.egg-info
[2.159s] writing publish_anything_ros2_gui.egg-info/PKG-INFO
[2.159s] writing dependency_links to publish_anything_ros2_gui.egg-info/dependency_links.txt
[2.159s] writing entry points to publish_anything_ros2_gui.egg-info/entry_points.txt
[2.159s] writing requirements to publish_anything_ros2_gui.egg-info/requires.txt
[2.159s] writing top-level names to publish_anything_ros2_gui.egg-info/top_level.txt
[2.159s] writing manifest file 'publish_anything_ros2_gui.egg-info/SOURCES.txt'
[2.163s] reading manifest file 'publish_anything_ros2_gui.egg-info/SOURCES.txt'
[2.164s] writing manifest file 'publish_anything_ros2_gui.egg-info/SOURCES.txt'
[2.167s] running build_ext
[2.167s] Creating /home/luojiafox/workspace/lf2026_sentry_ws/install/publish_anything_ros2_gui/lib/python3.10/site-packages/publish-anything-ros2-gui.egg-link (link to .)
[2.168s] Installing publish_anything_ros2_gui script to /home/luojiafox/workspace/lf2026_sentry_ws/install/publish_anything_ros2_gui/lib/publish_anything_ros2_gui
[2.169s] 
[2.169s] Installed /home/luojiafox/workspace/lf2026_sentry_ws/build/publish_anything_ros2_gui
[2.169s] running symlink_data
[2.169s] symbolically linking /home/luojiafox/workspace/lf2026_sentry_ws/build/publish_anything_ros2_gui/package.xml -> /home/luojiafox/workspace/lf2026_sentry_ws/install/publish_anything_ros2_gui/share/publish_anything_ros2_gui
[2.169s] creating /home/luojiafox/workspace/lf2026_sentry_ws/install/publish_anything_ros2_gui/share/publish_anything_ros2_gui/config
[2.169s] symbolically linking /home/luojiafox/workspace/lf2026_sentry_ws/build/publish_anything_ros2_gui/config/publish_anything_example.yaml -> /home/luojiafox/workspace/lf2026_sentry_ws/install/publish_anything_ros2_gui/share/publish_anything_ros2_gui/config
[2.169s] symbolically linking /home/luojiafox/workspace/lf2026_sentry_ws/build/publish_anything_ros2_gui/config/qt_style.qss -> /home/luojiafox/workspace/lf2026_sentry_ws/install/publish_anything_ros2_gui/share/publish_anything_ros2_gui/config
[2.169s] creating /home/luojiafox/workspace/lf2026_sentry_ws/install/publish_anything_ros2_gui/share/publish_anything_ros2_gui/launch
[2.169s] symbolically linking /home/luojiafox/workspace/lf2026_sentry_ws/build/publish_anything_ros2_gui/launch/publish_anything_ros2_gui_launch.py -> /home/luojiafox/workspace/lf2026_sentry_ws/install/publish_anything_ros2_gui/share/publish_anything_ros2_gui/launch
[2.170s] creating /home/luojiafox/workspace/lf2026_sentry_ws/install/publish_anything_ros2_gui/share/ament_index
[2.170s] creating /home/luojiafox/workspace/lf2026_sentry_ws/install/publish_anything_ros2_gui/share/ament_index/resource_index
[2.170s] creating /home/luojiafox/workspace/lf2026_sentry_ws/install/publish_anything_ros2_gui/share/ament_index/resource_index/packages
[2.170s] symbolically linking /home/luojiafox/workspace/lf2026_sentry_ws/build/publish_anything_ros2_gui/resource/publish_anything_ros2_gui -> /home/luojiafox/workspace/lf2026_sentry_ws/install/publish_anything_ros2_gui/share/ament_index/resource_index/packages
[2.282s] Invoked command in '/home/luojiafox/workspace/lf2026_sentry_ws/build/publish_anything_ros2_gui' returned '0': PYTHONPATH=/home/luojiafox/workspace/lf2026_sentry_ws/build/publish_anything_ros2_gui/prefix_override:/usr/lib/python3/dist-packages/colcon_core/task/python/colcon_distutils_commands:/home/luojiafox/workspace/lf2026_sentry_ws/install/publish_anything_ros2_gui/lib/python3.10/site-packages:${PYTHONPATH} VIRTUAL_ENV_PROMPT=(rosvenv) /usr/bin/python3 -W ignore:setup.py install is deprecated -W ignore:easy_install command is deprecated setup.py develop --editable --build-directory /home/luojiafox/workspace/lf2026_sentry_ws/build/publish_anything_ros2_gui/build --no-deps symlink_data
