[0.071s] Invoking command in '/home/luojiafox/workspace/lf2026_sentry_ws/build/pointcloud_to_laserscan': CMAKE_PREFIX_PATH=${CMAKE_PREFIX_PATH}:/home/luojiafox/workspace/lf2026_sentry_ws/install/publish_anything_ros2_gui:/opt/ros/humble VIRTUAL_ENV_PROMPT=(rosvenv) /usr/bin/cmake --build /home/luojiafox/workspace/lf2026_sentry_ws/build/pointcloud_to_laserscan -- -j22 -l22
[0.119s] [35m[1mConsolidate compiler generated dependencies of target laserscan_to_pointcloud[0m
[0.120s] [35m[1mConsolidate compiler generated dependencies of target pointcloud_to_laserscan_node[0m
[0.124s] [35m[1mConsolidate compiler generated dependencies of target laserscan_to_pointcloud_node[0m
[0.133s] [ 20%] Built target pointcloud_to_laserscan_node
[0.136s] [ 40%] Built target laserscan_to_pointcloud_node
[0.138s] [ 60%] Built target laserscan_to_pointcloud
[0.145s] [35m[1mConsolidate compiler generated dependencies of target pointcloud_to_laserscan[0m
[0.158s] [ 80%] Built target pointcloud_to_laserscan
[0.165s] [35m[1mConsolidate compiler generated dependencies of target dummy_pointcloud_publisher[0m
[0.178s] [100%] Built target dummy_pointcloud_publisher
[0.418s] Invoked command in '/home/luojiafox/workspace/lf2026_sentry_ws/build/pointcloud_to_laserscan' returned '0': CMAKE_PREFIX_PATH=${CMAKE_PREFIX_PATH}:/home/luojiafox/workspace/lf2026_sentry_ws/install/publish_anything_ros2_gui:/opt/ros/humble VIRTUAL_ENV_PROMPT=(rosvenv) /usr/bin/cmake --build /home/luojiafox/workspace/lf2026_sentry_ws/build/pointcloud_to_laserscan -- -j22 -l22
[0.420s] Invoking command in '/home/luojiafox/workspace/lf2026_sentry_ws/build/pointcloud_to_laserscan': CMAKE_PREFIX_PATH=${CMAKE_PREFIX_PATH}:/home/luojiafox/workspace/lf2026_sentry_ws/install/publish_anything_ros2_gui:/opt/ros/humble VIRTUAL_ENV_PROMPT=(rosvenv) /usr/bin/cmake --install /home/luojiafox/workspace/lf2026_sentry_ws/build/pointcloud_to_laserscan
[0.439s] -- Install configuration: "Release"
[0.439s] -- Execute custom install script
[0.439s] -- Up-to-date symlink: /home/luojiafox/workspace/lf2026_sentry_ws/install/pointcloud_to_laserscan/lib/pointcloud_to_laserscan/laserscan_to_pointcloud_node
[0.439s] -- Up-to-date symlink: /home/luojiafox/workspace/lf2026_sentry_ws/install/pointcloud_to_laserscan/lib/pointcloud_to_laserscan/pointcloud_to_laserscan_node
[0.439s] -- Up-to-date symlink: /home/luojiafox/workspace/lf2026_sentry_ws/install/pointcloud_to_laserscan/include/pointcloud_to_laserscan/laserscan_to_pointcloud_node.hpp
[0.440s] -- Up-to-date symlink: /home/luojiafox/workspace/lf2026_sentry_ws/install/pointcloud_to_laserscan/include/pointcloud_to_laserscan/pointcloud_to_laserscan_node.hpp
[0.440s] -- Up-to-date symlink: /home/luojiafox/workspace/lf2026_sentry_ws/install/pointcloud_to_laserscan/include/pointcloud_to_laserscan/visibility_control.h
[0.440s] -- Up-to-date symlink: /home/luojiafox/workspace/lf2026_sentry_ws/install/pointcloud_to_laserscan/share/pointcloud_to_laserscan/environment/library_path.sh
[0.440s] -- Up-to-date symlink: /home/luojiafox/workspace/lf2026_sentry_ws/install/pointcloud_to_laserscan/share/pointcloud_to_laserscan/environment/library_path.dsv
[0.440s] -- Up-to-date symlink: /home/luojiafox/workspace/lf2026_sentry_ws/install/pointcloud_to_laserscan/lib/liblaserscan_to_pointcloud.so
[0.440s] -- Up-to-date symlink: /home/luojiafox/workspace/lf2026_sentry_ws/install/pointcloud_to_laserscan/lib/libpointcloud_to_laserscan.so
[0.440s] -- Up-to-date symlink: /home/luojiafox/workspace/lf2026_sentry_ws/install/pointcloud_to_laserscan/lib/pointcloud_to_laserscan/dummy_pointcloud_publisher
[0.440s] -- Up-to-date symlink: /home/luojiafox/workspace/lf2026_sentry_ws/install/pointcloud_to_laserscan/share/pointcloud_to_laserscan/launch/sample_laserscan_to_pointcloud_launch.py
[0.440s] -- Up-to-date symlink: /home/luojiafox/workspace/lf2026_sentry_ws/install/pointcloud_to_laserscan/share/pointcloud_to_laserscan/launch/sample_pointcloud_to_laserscan_launch.py
[0.440s] -- Up-to-date symlink: /home/luojiafox/workspace/lf2026_sentry_ws/install/pointcloud_to_laserscan/share/ament_index/resource_index/package_run_dependencies/pointcloud_to_laserscan
[0.440s] -- Up-to-date symlink: /home/luojiafox/workspace/lf2026_sentry_ws/install/pointcloud_to_laserscan/share/ament_index/resource_index/parent_prefix_path/pointcloud_to_laserscan
[0.440s] -- Up-to-date symlink: /home/luojiafox/workspace/lf2026_sentry_ws/install/pointcloud_to_laserscan/share/pointcloud_to_laserscan/environment/ament_prefix_path.sh
[0.440s] -- Up-to-date symlink: /home/luojiafox/workspace/lf2026_sentry_ws/install/pointcloud_to_laserscan/share/pointcloud_to_laserscan/environment/ament_prefix_path.dsv
[0.441s] -- Up-to-date symlink: /home/luojiafox/workspace/lf2026_sentry_ws/install/pointcloud_to_laserscan/share/pointcloud_to_laserscan/environment/path.sh
[0.441s] -- Up-to-date symlink: /home/luojiafox/workspace/lf2026_sentry_ws/install/pointcloud_to_laserscan/share/pointcloud_to_laserscan/environment/path.dsv
[0.442s] -- Up-to-date symlink: /home/luojiafox/workspace/lf2026_sentry_ws/install/pointcloud_to_laserscan/share/pointcloud_to_laserscan/local_setup.bash
[0.442s] -- Up-to-date symlink: /home/luojiafox/workspace/lf2026_sentry_ws/install/pointcloud_to_laserscan/share/pointcloud_to_laserscan/local_setup.sh
[0.442s] -- Up-to-date symlink: /home/luojiafox/workspace/lf2026_sentry_ws/install/pointcloud_to_laserscan/share/pointcloud_to_laserscan/local_setup.zsh
[0.442s] -- Up-to-date symlink: /home/luojiafox/workspace/lf2026_sentry_ws/install/pointcloud_to_laserscan/share/pointcloud_to_laserscan/local_setup.dsv
[0.442s] -- Symlinking: /home/luojiafox/workspace/lf2026_sentry_ws/install/pointcloud_to_laserscan/share/pointcloud_to_laserscan/package.dsv
[0.447s] -- Up-to-date symlink: /home/luojiafox/workspace/lf2026_sentry_ws/install/pointcloud_to_laserscan/share/ament_index/resource_index/packages/pointcloud_to_laserscan
[0.447s] -- Up-to-date symlink: /home/luojiafox/workspace/lf2026_sentry_ws/install/pointcloud_to_laserscan/share/ament_index/resource_index/rclcpp_components/pointcloud_to_laserscan
[0.447s] -- Up-to-date symlink: /home/luojiafox/workspace/lf2026_sentry_ws/install/pointcloud_to_laserscan/share/pointcloud_to_laserscan/cmake/ament_cmake_export_dependencies-extras.cmake
[0.447s] -- Up-to-date symlink: /home/luojiafox/workspace/lf2026_sentry_ws/install/pointcloud_to_laserscan/share/pointcloud_to_laserscan/cmake/ament_cmake_export_include_directories-extras.cmake
[0.447s] -- Up-to-date symlink: /home/luojiafox/workspace/lf2026_sentry_ws/install/pointcloud_to_laserscan/share/pointcloud_to_laserscan/cmake/ament_cmake_export_libraries-extras.cmake
[0.447s] -- Up-to-date symlink: /home/luojiafox/workspace/lf2026_sentry_ws/install/pointcloud_to_laserscan/share/pointcloud_to_laserscan/cmake/pointcloud_to_laserscanConfig.cmake
[0.447s] -- Up-to-date symlink: /home/luojiafox/workspace/lf2026_sentry_ws/install/pointcloud_to_laserscan/share/pointcloud_to_laserscan/cmake/pointcloud_to_laserscanConfig-version.cmake
[0.447s] -- Up-to-date symlink: /home/luojiafox/workspace/lf2026_sentry_ws/install/pointcloud_to_laserscan/share/pointcloud_to_laserscan/package.xml
[0.567s] Invoked command in '/home/luojiafox/workspace/lf2026_sentry_ws/build/pointcloud_to_laserscan' returned '0': CMAKE_PREFIX_PATH=${CMAKE_PREFIX_PATH}:/home/luojiafox/workspace/lf2026_sentry_ws/install/publish_anything_ros2_gui:/opt/ros/humble VIRTUAL_ENV_PROMPT=(rosvenv) /usr/bin/cmake --install /home/luojiafox/workspace/lf2026_sentry_ws/build/pointcloud_to_laserscan
