[0.065s] Invoking command in '/home/luojiafox/workspace/lf2026_sentry_ws/build/loam_interface': CMAKE_PREFIX_PATH=${CMAKE_PREFIX_PATH}:/home/luojiafox/workspace/lf2026_sentry_ws/install/publish_anything_ros2_gui:/opt/ros/humble VIRTUAL_ENV_PROMPT=(rosvenv) /usr/bin/cmake --build /home/luojiafox/workspace/lf2026_sentry_ws/build/loam_interface -- -j22 -l22
[0.123s] [35m[1mConsolidate compiler generated dependencies of target loam_interface_node[0m
[0.123s] [35m[1mConsolidate compiler generated dependencies of target loam_interface[0m
[0.123s] [ 50%] Built target loam_interface_node
[0.131s] [100%] Built target loam_interface
[0.425s] Invoked command in '/home/luojiafox/workspace/lf2026_sentry_ws/build/loam_interface' returned '0': CMAKE_PREFIX_PATH=${CMAKE_PREFIX_PATH}:/home/luojiafox/workspace/lf2026_sentry_ws/install/publish_anything_ros2_gui:/opt/ros/humble VIRTUAL_ENV_PROMPT=(rosvenv) /usr/bin/cmake --build /home/luojiafox/workspace/lf2026_sentry_ws/build/loam_interface -- -j22 -l22
[0.426s] Invoking command in '/home/luojiafox/workspace/lf2026_sentry_ws/build/loam_interface': CMAKE_PREFIX_PATH=${CMAKE_PREFIX_PATH}:/home/luojiafox/workspace/lf2026_sentry_ws/install/publish_anything_ros2_gui:/opt/ros/humble VIRTUAL_ENV_PROMPT=(rosvenv) /usr/bin/cmake --install /home/luojiafox/workspace/lf2026_sentry_ws/build/loam_interface
[0.454s] -- Install configuration: "Release"
[0.454s] -- Execute custom install script
[0.454s] -- Up-to-date symlink: /home/luojiafox/workspace/lf2026_sentry_ws/install/loam_interface/lib/loam_interface/loam_interface_node
[0.454s] -- Up-to-date symlink: /home/luojiafox/workspace/lf2026_sentry_ws/install/loam_interface/include/loam_interface/loam_interface.hpp
[0.454s] -- Up-to-date symlink: /home/luojiafox/workspace/lf2026_sentry_ws/install/loam_interface/share/loam_interface/environment/library_path.sh
[0.454s] -- Up-to-date symlink: /home/luojiafox/workspace/lf2026_sentry_ws/install/loam_interface/share/loam_interface/environment/library_path.dsv
[0.454s] -- Up-to-date symlink: /home/luojiafox/workspace/lf2026_sentry_ws/install/loam_interface/lib/libloam_interface.so
[0.454s] -- Up-to-date symlink: /home/luojiafox/workspace/lf2026_sentry_ws/install/loam_interface/share/loam_interface/launch/loam_interface_launch.py
[0.454s] -- Up-to-date symlink: /home/luojiafox/workspace/lf2026_sentry_ws/install/loam_interface/share/ament_index/resource_index/package_run_dependencies/loam_interface
[0.454s] -- Up-to-date symlink: /home/luojiafox/workspace/lf2026_sentry_ws/install/loam_interface/share/ament_index/resource_index/parent_prefix_path/loam_interface
[0.454s] -- Up-to-date symlink: /home/luojiafox/workspace/lf2026_sentry_ws/install/loam_interface/share/loam_interface/environment/ament_prefix_path.sh
[0.454s] -- Up-to-date symlink: /home/luojiafox/workspace/lf2026_sentry_ws/install/loam_interface/share/loam_interface/environment/ament_prefix_path.dsv
[0.454s] -- Up-to-date symlink: /home/luojiafox/workspace/lf2026_sentry_ws/install/loam_interface/share/loam_interface/environment/path.sh
[0.454s] -- Up-to-date symlink: /home/luojiafox/workspace/lf2026_sentry_ws/install/loam_interface/share/loam_interface/environment/path.dsv
[0.454s] -- Up-to-date symlink: /home/luojiafox/workspace/lf2026_sentry_ws/install/loam_interface/share/loam_interface/local_setup.bash
[0.454s] -- Up-to-date symlink: /home/luojiafox/workspace/lf2026_sentry_ws/install/loam_interface/share/loam_interface/local_setup.sh
[0.454s] -- Up-to-date symlink: /home/luojiafox/workspace/lf2026_sentry_ws/install/loam_interface/share/loam_interface/local_setup.zsh
[0.454s] -- Up-to-date symlink: /home/luojiafox/workspace/lf2026_sentry_ws/install/loam_interface/share/loam_interface/local_setup.dsv
[0.454s] -- Symlinking: /home/luojiafox/workspace/lf2026_sentry_ws/install/loam_interface/share/loam_interface/package.dsv
[0.455s] -- Up-to-date symlink: /home/luojiafox/workspace/lf2026_sentry_ws/install/loam_interface/share/ament_index/resource_index/packages/loam_interface
[0.455s] -- Up-to-date symlink: /home/luojiafox/workspace/lf2026_sentry_ws/install/loam_interface/share/ament_index/resource_index/rclcpp_components/loam_interface
[0.456s] -- Up-to-date symlink: /home/luojiafox/workspace/lf2026_sentry_ws/install/loam_interface/share/loam_interface/cmake/ament_cmake_export_dependencies-extras.cmake
[0.457s] -- Up-to-date symlink: /home/luojiafox/workspace/lf2026_sentry_ws/install/loam_interface/share/loam_interface/cmake/ament_cmake_export_include_directories-extras.cmake
[0.457s] -- Up-to-date symlink: /home/luojiafox/workspace/lf2026_sentry_ws/install/loam_interface/share/loam_interface/cmake/ament_cmake_export_libraries-extras.cmake
[0.457s] -- Up-to-date symlink: /home/luojiafox/workspace/lf2026_sentry_ws/install/loam_interface/share/loam_interface/cmake/loam_interfaceConfig.cmake
[0.457s] -- Up-to-date symlink: /home/luojiafox/workspace/lf2026_sentry_ws/install/loam_interface/share/loam_interface/cmake/loam_interfaceConfig-version.cmake
[0.457s] -- Up-to-date symlink: /home/luojiafox/workspace/lf2026_sentry_ws/install/loam_interface/share/loam_interface/package.xml
[0.501s] Invoked command in '/home/luojiafox/workspace/lf2026_sentry_ws/build/loam_interface' returned '0': CMAKE_PREFIX_PATH=${CMAKE_PREFIX_PATH}:/home/luojiafox/workspace/lf2026_sentry_ws/install/publish_anything_ros2_gui:/opt/ros/humble VIRTUAL_ENV_PROMPT=(rosvenv) /usr/bin/cmake --install /home/luojiafox/workspace/lf2026_sentry_ws/build/loam_interface
