[0.055s] Invoking command in '/home/luojiafox/workspace/lf2026_sentry_ws/build/small_gicp_relocalization': CMAKE_PREFIX_PATH=${CMAKE_PREFIX_PATH}:/opt/ros/humble VIRTUAL_ENV_PROMPT=(rosvenv) /usr/bin/cmake /home/luojiafox/workspace/lf2026_sentry_ws/src/pb2025_sentry_nav/small_gicp_relocalization -DCMAKE_BUILD_TYPE=Release -DAMENT_CMAKE_SYMLINK_INSTALL=1 -DCMAKE_INSTALL_PREFIX=/home/luojiafox/workspace/lf2026_sentry_ws/install/small_gicp_relocalization
[0.106s] -- The C compiler identification is GNU 11.4.0
[0.170s] -- The CXX compiler identification is GNU 11.4.0
[0.177s] -- Detecting C compiler ABI info
[0.228s] -- Detecting C compiler ABI info - done
[0.233s] -- Check for working C compiler: /usr/bin/cc - skipped
[0.234s] -- Detecting C compile features
[0.234s] -- Detecting C compile features - done
[0.237s] -- Detecting CXX compiler ABI info
[0.312s] -- Detecting CXX compiler ABI info - done
[0.318s] -- Check for working CXX compiler: /usr/bin/c++ - skipped
[0.318s] -- Detecting CXX compile features
[0.318s] -- Detecting CXX compile features - done
[0.324s] -- Found ament_cmake_auto: 1.3.12 (/opt/ros/humble/share/ament_cmake_auto/cmake)
[0.456s] -- Found Python3: /home/luojiafox/venv/rosvenv/bin/python3 (found version "3.10.12") found components: Interpreter 
[0.512s] -- Override CMake install command with custom implementation using symlinks instead of copying resources
[0.804s] -- Found OpenMP_C: -fopenmp (found version "4.5") 
[0.872s] -- Found OpenMP_CXX: -fopenmp (found version "4.5") 
[0.872s] -- Found OpenMP: TRUE (found version "4.5")  
[0.991s] -- Found rosidl_generator_c: 3.1.7 (/opt/ros/humble/share/rosidl_generator_c/cmake)
[1.001s] -- Found rosidl_adapter: 3.1.7 (/opt/ros/humble/share/rosidl_adapter/cmake)
[1.015s] -- Found rosidl_generator_cpp: 3.1.7 (/opt/ros/humble/share/rosidl_generator_cpp/cmake)
[1.031s] -- Using all available rosidl_typesupport_c: rosidl_typesupport_fastrtps_c;rosidl_typesupport_introspection_c
[1.054s] -- Using all available rosidl_typesupport_cpp: rosidl_typesupport_fastrtps_cpp;rosidl_typesupport_introspection_cpp
[1.132s] -- Found rmw_implementation_cmake: 6.1.2 (/opt/ros/humble/share/rmw_implementation_cmake/cmake)
[1.140s] -- Found rmw_fastrtps_cpp: 6.2.8 (/opt/ros/humble/share/rmw_fastrtps_cpp/cmake)
[1.261s] -- Found OpenSSL: /usr/lib/x86_64-linux-gnu/libcrypto.so (found version "3.0.2")  
[1.300s] -- Found FastRTPS: /opt/ros/humble/include  
[1.362s] -- Using RMW implementation 'rmw_fastrtps_cpp' as default
[1.388s] -- Looking for pthread.h
[1.437s] -- Looking for pthread.h - found
[1.437s] -- Performing Test CMAKE_HAVE_LIBC_PTHREAD
[1.499s] -- Performing Test CMAKE_HAVE_LIBC_PTHREAD - Success
[1.500s] -- Found Threads: TRUE  
[1.857s] -- Checking for module 'eigen3'
[1.869s] --   Found eigen3, version 3.4.0
[1.893s] -- Found Eigen: /usr/include/eigen3 (Required is at least version "3.1") 
[1.893s] -- Eigen found (include: /usr/include/eigen3, version: 3.4.0)
[1.960s] -- Checking for module 'flann'
[1.974s] --   Found flann, version 1.9.1
[2.011s] -- Found FLANN: /usr/lib/x86_64-linux-gnu/libflann_cpp.so  
[2.011s] -- FLANN found (include: /usr/include, lib: /usr/lib/x86_64-linux-gnu/libflann_cpp.so)
[3.018s] -- Checking for module 'libusb-1.0'
[3.028s] --   Found libusb-1.0, version 1.0.25
[3.067s] -- Found libusb: /usr/lib/x86_64-linux-gnu/libusb-1.0.so  
[3.070s] -- OpenNI found (version: 1.5.4.0, include: /usr/include/ni, lib: /usr/lib/libOpenNI.so;libusb::libusb)
[3.113s] -- OpenNI2 found (version: 2.2.0.33, include: /usr/include/openni2, lib: /usr/lib/x86_64-linux-gnu/libOpenNI2.so;libusb::libusb)
[3.322s] -- Eigen found (include: /usr/include/eigen3, version: 3.4.0)
[3.330s] -- OpenNI found (version: 1.5.4.0, include: /usr/include/ni, lib: /usr/lib/libOpenNI.so;libusb::libusb)
[3.337s] -- OpenNI2 found (version: 2.2.0.33, include: /usr/include/openni2, lib: /usr/lib/x86_64-linux-gnu/libOpenNI2.so;libusb::libusb)
[3.596s] -- Found Qhull version 8.0.2
[3.758s] -- OpenNI found (version: 1.5.4.0, include: /usr/include/ni, lib: /usr/lib/libOpenNI.so;libusb::libusb)
[3.914s] -- Found PCL_COMMON: /usr/lib/x86_64-linux-gnu/libpcl_common.so  
[3.916s] -- Found PCL_KDTREE: /usr/lib/x86_64-linux-gnu/libpcl_kdtree.so  
[3.917s] -- Found PCL_OCTREE: /usr/lib/x86_64-linux-gnu/libpcl_octree.so  
[3.920s] -- Found PCL_SEARCH: /usr/lib/x86_64-linux-gnu/libpcl_search.so  
[3.920s] -- Found PCL_SAMPLE_CONSENSUS: /usr/lib/x86_64-linux-gnu/libpcl_sample_consensus.so  
[3.921s] -- Found PCL_FILTERS: /usr/lib/x86_64-linux-gnu/libpcl_filters.so  
[3.922s] -- Found PCL_2D: /usr/include/pcl-1.12  
[3.922s] -- Found PCL_GEOMETRY: /usr/include/pcl-1.12  
[3.923s] -- Found PCL_IO: /usr/lib/x86_64-linux-gnu/libpcl_io.so  
[3.925s] -- Found PCL_FEATURES: /usr/lib/x86_64-linux-gnu/libpcl_features.so  
[3.926s] -- Found PCL_ML: /usr/lib/x86_64-linux-gnu/libpcl_ml.so  
[3.927s] -- Found PCL_SEGMENTATION: /usr/lib/x86_64-linux-gnu/libpcl_segmentation.so  
[3.928s] -- Found PCL_VISUALIZATION: /usr/lib/x86_64-linux-gnu/libpcl_visualization.so  
[3.929s] -- Found PCL_SURFACE: /usr/lib/x86_64-linux-gnu/libpcl_surface.so  
[3.931s] -- Found PCL_REGISTRATION: /usr/lib/x86_64-linux-gnu/libpcl_registration.so  
[3.932s] -- Found PCL_KEYPOINTS: /usr/lib/x86_64-linux-gnu/libpcl_keypoints.so  
[3.933s] -- Found PCL_TRACKING: /usr/lib/x86_64-linux-gnu/libpcl_tracking.so  
[3.934s] -- Found PCL_RECOGNITION: /usr/lib/x86_64-linux-gnu/libpcl_recognition.so  
[3.936s] -- Found PCL_STEREO: /usr/lib/x86_64-linux-gnu/libpcl_stereo.so  
[3.937s] -- Found PCL_APPS: /usr/lib/x86_64-linux-gnu/libpcl_apps.so  
[3.938s] -- Found PCL_IN_HAND_SCANNER: /usr/include/pcl-1.12  
[3.940s] -- Found PCL_MODELER: /usr/include/pcl-1.12  
[3.940s] -- Found PCL_POINT_CLOUD_EDITOR: /usr/include/pcl-1.12  
[3.940s] -- Found PCL_OUTOFCORE: /usr/lib/x86_64-linux-gnu/libpcl_outofcore.so  
[3.941s] -- Found PCL_PEOPLE: /usr/lib/x86_64-linux-gnu/libpcl_people.so  
[3.961s] -- Found ament_lint_auto: 0.12.14 (/opt/ros/humble/share/ament_lint_auto/cmake)
[4.047s] [0mIn this package, headers install destination is set to `include` by ament_auto_package. It is recommended to install `include/small_gicp_relocalization` instead and will be the default behavior of ament_auto_package from ROS 2 Kilted Kaiju. On distributions before Kilted, ament_auto_package behaves the same way when you use USE_SCOPED_HEADER_INSTALL_DIR option.[0m
[4.052s] -- Added test 'copyright' to check source files copyright and LICENSE
[4.054s] -- Added test 'cppcheck' to perform static code analysis on C / C++ code
[4.054s] -- Configured cppcheck include dirs: /home/luojiafox/workspace/lf2026_sentry_ws/src/pb2025_sentry_nav/small_gicp_relocalization/include
[4.054s] -- Configured cppcheck exclude dirs and/or files: 
[4.055s] -- Added test 'cpplint' to check C / C++ code against the Google style
[4.055s] -- Configured cpplint exclude dirs and/or files: 
[4.056s] -- Added test 'lint_cmake' to check CMake code style
[4.056s] -- Added test 'pep257' to check Python code against some of the docstring style conventions in PEP 257
[4.057s] -- Added test 'xmllint' to check XML markup files
[4.058s] -- Added test 'clang_format' to check C / C++ code style
[4.059s] -- Added test 'black' to check Python code style
[4.062s] -- Configuring done
[4.109s] -- Generating done
[4.118s] -- Build files have been written to: /home/luojiafox/workspace/lf2026_sentry_ws/build/small_gicp_relocalization
[4.134s] Invoked command in '/home/luojiafox/workspace/lf2026_sentry_ws/build/small_gicp_relocalization' returned '0': CMAKE_PREFIX_PATH=${CMAKE_PREFIX_PATH}:/opt/ros/humble VIRTUAL_ENV_PROMPT=(rosvenv) /usr/bin/cmake /home/luojiafox/workspace/lf2026_sentry_ws/src/pb2025_sentry_nav/small_gicp_relocalization -DCMAKE_BUILD_TYPE=Release -DAMENT_CMAKE_SYMLINK_INSTALL=1 -DCMAKE_INSTALL_PREFIX=/home/luojiafox/workspace/lf2026_sentry_ws/install/small_gicp_relocalization
[4.135s] Invoking command in '/home/luojiafox/workspace/lf2026_sentry_ws/build/small_gicp_relocalization': CMAKE_PREFIX_PATH=${CMAKE_PREFIX_PATH}:/opt/ros/humble VIRTUAL_ENV_PROMPT=(rosvenv) /usr/bin/cmake --build /home/luojiafox/workspace/lf2026_sentry_ws/build/small_gicp_relocalization -- -j22 -l22
[4.178s] [ 25%] [32mBuilding CXX object CMakeFiles/small_gicp_relocalization_node.dir/rclcpp_components/node_main_small_gicp_relocalization_node.cpp.o[0m
[4.178s] [ 50%] [32mBuilding CXX object CMakeFiles/small_gicp_relocalization.dir/src/small_gicp_relocalization.cpp.o[0m
[9.211s] [ 75%] [32m[1mLinking CXX executable small_gicp_relocalization_node[0m
[9.455s] [ 75%] Built target small_gicp_relocalization_node
[36.655s] [100%] [32m[1mLinking CXX shared library libsmall_gicp_relocalization.so[0m
[36.938s] [100%] Built target small_gicp_relocalization
[36.949s] Invoked command in '/home/luojiafox/workspace/lf2026_sentry_ws/build/small_gicp_relocalization' returned '0': CMAKE_PREFIX_PATH=${CMAKE_PREFIX_PATH}:/opt/ros/humble VIRTUAL_ENV_PROMPT=(rosvenv) /usr/bin/cmake --build /home/luojiafox/workspace/lf2026_sentry_ws/build/small_gicp_relocalization -- -j22 -l22
[36.952s] Invoking command in '/home/luojiafox/workspace/lf2026_sentry_ws/build/small_gicp_relocalization': CMAKE_PREFIX_PATH=${CMAKE_PREFIX_PATH}:/opt/ros/humble VIRTUAL_ENV_PROMPT=(rosvenv) /usr/bin/cmake --install /home/luojiafox/workspace/lf2026_sentry_ws/build/small_gicp_relocalization
[36.959s] -- Install configuration: "Release"
[36.959s] -- Execute custom install script
[36.960s] -- Symlinking: /home/luojiafox/workspace/lf2026_sentry_ws/install/small_gicp_relocalization/lib/small_gicp_relocalization/small_gicp_relocalization_node
[36.965s] -- Symlinking: /home/luojiafox/workspace/lf2026_sentry_ws/install/small_gicp_relocalization/include/small_gicp_relocalization/small_gicp_relocalization.hpp
[36.971s] -- Symlinking: /home/luojiafox/workspace/lf2026_sentry_ws/install/small_gicp_relocalization/share/small_gicp_relocalization/environment/library_path.sh
[36.980s] -- Symlinking: /home/luojiafox/workspace/lf2026_sentry_ws/install/small_gicp_relocalization/share/small_gicp_relocalization/environment/library_path.dsv
[36.987s] -- Symlinking: /home/luojiafox/workspace/lf2026_sentry_ws/install/small_gicp_relocalization/lib/libsmall_gicp_relocalization.so
[36.994s] -- Symlinking: /home/luojiafox/workspace/lf2026_sentry_ws/install/small_gicp_relocalization/share/small_gicp_relocalization/launch/small_gicp_relocalization_launch.py
[37.003s] -- Symlinking: /home/luojiafox/workspace/lf2026_sentry_ws/install/small_gicp_relocalization/share/ament_index/resource_index/package_run_dependencies/small_gicp_relocalization
[37.009s] -- Symlinking: /home/luojiafox/workspace/lf2026_sentry_ws/install/small_gicp_relocalization/share/ament_index/resource_index/parent_prefix_path/small_gicp_relocalization
[37.015s] -- Symlinking: /home/luojiafox/workspace/lf2026_sentry_ws/install/small_gicp_relocalization/share/small_gicp_relocalization/environment/ament_prefix_path.sh
[37.022s] -- Symlinking: /home/luojiafox/workspace/lf2026_sentry_ws/install/small_gicp_relocalization/share/small_gicp_relocalization/environment/ament_prefix_path.dsv
[37.027s] -- Symlinking: /home/luojiafox/workspace/lf2026_sentry_ws/install/small_gicp_relocalization/share/small_gicp_relocalization/environment/path.sh
[37.033s] -- Symlinking: /home/luojiafox/workspace/lf2026_sentry_ws/install/small_gicp_relocalization/share/small_gicp_relocalization/environment/path.dsv
[37.039s] -- Symlinking: /home/luojiafox/workspace/lf2026_sentry_ws/install/small_gicp_relocalization/share/small_gicp_relocalization/local_setup.bash
[37.046s] -- Symlinking: /home/luojiafox/workspace/lf2026_sentry_ws/install/small_gicp_relocalization/share/small_gicp_relocalization/local_setup.sh
[37.053s] -- Symlinking: /home/luojiafox/workspace/lf2026_sentry_ws/install/small_gicp_relocalization/share/small_gicp_relocalization/local_setup.zsh
[37.063s] -- Symlinking: /home/luojiafox/workspace/lf2026_sentry_ws/install/small_gicp_relocalization/share/small_gicp_relocalization/local_setup.dsv
[37.070s] -- Symlinking: /home/luojiafox/workspace/lf2026_sentry_ws/install/small_gicp_relocalization/share/small_gicp_relocalization/package.dsv
[37.077s] -- Symlinking: /home/luojiafox/workspace/lf2026_sentry_ws/install/small_gicp_relocalization/share/ament_index/resource_index/packages/small_gicp_relocalization
[37.083s] -- Symlinking: /home/luojiafox/workspace/lf2026_sentry_ws/install/small_gicp_relocalization/share/ament_index/resource_index/rclcpp_components/small_gicp_relocalization
[37.090s] -- Symlinking: /home/luojiafox/workspace/lf2026_sentry_ws/install/small_gicp_relocalization/share/small_gicp_relocalization/cmake/ament_cmake_export_dependencies-extras.cmake
[37.095s] -- Symlinking: /home/luojiafox/workspace/lf2026_sentry_ws/install/small_gicp_relocalization/share/small_gicp_relocalization/cmake/ament_cmake_export_include_directories-extras.cmake
[37.102s] -- Symlinking: /home/luojiafox/workspace/lf2026_sentry_ws/install/small_gicp_relocalization/share/small_gicp_relocalization/cmake/ament_cmake_export_libraries-extras.cmake
[37.109s] -- Symlinking: /home/luojiafox/workspace/lf2026_sentry_ws/install/small_gicp_relocalization/share/small_gicp_relocalization/cmake/small_gicp_relocalizationConfig.cmake
[37.116s] -- Symlinking: /home/luojiafox/workspace/lf2026_sentry_ws/install/small_gicp_relocalization/share/small_gicp_relocalization/cmake/small_gicp_relocalizationConfig-version.cmake
[37.122s] -- Symlinking: /home/luojiafox/workspace/lf2026_sentry_ws/install/small_gicp_relocalization/share/small_gicp_relocalization/package.xml
[37.129s] Invoked command in '/home/luojiafox/workspace/lf2026_sentry_ws/build/small_gicp_relocalization' returned '0': CMAKE_PREFIX_PATH=${CMAKE_PREFIX_PATH}:/opt/ros/humble VIRTUAL_ENV_PROMPT=(rosvenv) /usr/bin/cmake --install /home/luojiafox/workspace/lf2026_sentry_ws/build/small_gicp_relocalization
