[0.074s] Invoking command in '/home/luojiafox/workspace/lf2026_sentry_ws/build/pb_teleop_twist_joy': CMAKE_PREFIX_PATH=${CMAKE_PREFIX_PATH}:/home/luojiafox/workspace/lf2026_sentry_ws/install/publish_anything_ros2_gui:/opt/ros/humble VIRTUAL_ENV_PROMPT=(rosvenv) /usr/bin/cmake --build /home/luojiafox/workspace/lf2026_sentry_ws/build/pb_teleop_twist_joy -- -j22 -l22
[0.119s] [35m[1mConsolidate compiler generated dependencies of target pb_teleop_twist_joy_node[0m
[0.119s] [35m[1mConsolidate compiler generated dependencies of target pb_teleop_twist_joy[0m
[0.138s] [ 50%] Built target pb_teleop_twist_joy_node
[0.140s] [100%] Built target pb_teleop_twist_joy
[0.405s] Invoked command in '/home/luojiafox/workspace/lf2026_sentry_ws/build/pb_teleop_twist_joy' returned '0': CMAKE_PREFIX_PATH=${CMAKE_PREFIX_PATH}:/home/luojiafox/workspace/lf2026_sentry_ws/install/publish_anything_ros2_gui:/opt/ros/humble VIRTUAL_ENV_PROMPT=(rosvenv) /usr/bin/cmake --build /home/luojiafox/workspace/lf2026_sentry_ws/build/pb_teleop_twist_joy -- -j22 -l22
[0.406s] Invoking command in '/home/luojiafox/workspace/lf2026_sentry_ws/build/pb_teleop_twist_joy': CMAKE_PREFIX_PATH=${CMAKE_PREFIX_PATH}:/home/luojiafox/workspace/lf2026_sentry_ws/install/publish_anything_ros2_gui:/opt/ros/humble VIRTUAL_ENV_PROMPT=(rosvenv) /usr/bin/cmake --install /home/luojiafox/workspace/lf2026_sentry_ws/build/pb_teleop_twist_joy
[0.436s] -- Install configuration: "Release"
[0.436s] -- Execute custom install script
[0.436s] -- Up-to-date symlink: /home/luojiafox/workspace/lf2026_sentry_ws/install/pb_teleop_twist_joy/lib/pb_teleop_twist_joy/pb_teleop_twist_joy_node
[0.436s] -- Up-to-date symlink: /home/luojiafox/workspace/lf2026_sentry_ws/install/pb_teleop_twist_joy/include/pb_teleop_twist_joy/pb_teleop_twist_joy.hpp
[0.436s] -- Up-to-date symlink: /home/luojiafox/workspace/lf2026_sentry_ws/install/pb_teleop_twist_joy/share/pb_teleop_twist_joy/environment/library_path.sh
[0.436s] -- Up-to-date symlink: /home/luojiafox/workspace/lf2026_sentry_ws/install/pb_teleop_twist_joy/share/pb_teleop_twist_joy/environment/library_path.dsv
[0.436s] -- Up-to-date symlink: /home/luojiafox/workspace/lf2026_sentry_ws/install/pb_teleop_twist_joy/lib/libpb_teleop_twist_joy.so
[0.436s] -- Up-to-date symlink: /home/luojiafox/workspace/lf2026_sentry_ws/install/pb_teleop_twist_joy/share/pb_teleop_twist_joy/config/xbox.config.yaml
[0.437s] -- Up-to-date symlink: /home/luojiafox/workspace/lf2026_sentry_ws/install/pb_teleop_twist_joy/share/pb_teleop_twist_joy/launch/pb_teleop_twist_joy_launch.py
[0.437s] -- Up-to-date symlink: /home/luojiafox/workspace/lf2026_sentry_ws/install/pb_teleop_twist_joy/share/ament_index/resource_index/package_run_dependencies/pb_teleop_twist_joy
[0.437s] -- Up-to-date symlink: /home/luojiafox/workspace/lf2026_sentry_ws/install/pb_teleop_twist_joy/share/ament_index/resource_index/parent_prefix_path/pb_teleop_twist_joy
[0.437s] -- Up-to-date symlink: /home/luojiafox/workspace/lf2026_sentry_ws/install/pb_teleop_twist_joy/share/pb_teleop_twist_joy/environment/ament_prefix_path.sh
[0.437s] -- Up-to-date symlink: /home/luojiafox/workspace/lf2026_sentry_ws/install/pb_teleop_twist_joy/share/pb_teleop_twist_joy/environment/ament_prefix_path.dsv
[0.437s] -- Up-to-date symlink: /home/luojiafox/workspace/lf2026_sentry_ws/install/pb_teleop_twist_joy/share/pb_teleop_twist_joy/environment/path.sh
[0.437s] -- Up-to-date symlink: /home/luojiafox/workspace/lf2026_sentry_ws/install/pb_teleop_twist_joy/share/pb_teleop_twist_joy/environment/path.dsv
[0.437s] -- Up-to-date symlink: /home/luojiafox/workspace/lf2026_sentry_ws/install/pb_teleop_twist_joy/share/pb_teleop_twist_joy/local_setup.bash
[0.437s] -- Up-to-date symlink: /home/luojiafox/workspace/lf2026_sentry_ws/install/pb_teleop_twist_joy/share/pb_teleop_twist_joy/local_setup.sh
[0.437s] -- Up-to-date symlink: /home/luojiafox/workspace/lf2026_sentry_ws/install/pb_teleop_twist_joy/share/pb_teleop_twist_joy/local_setup.zsh
[0.437s] -- Up-to-date symlink: /home/luojiafox/workspace/lf2026_sentry_ws/install/pb_teleop_twist_joy/share/pb_teleop_twist_joy/local_setup.dsv
[0.437s] -- Symlinking: /home/luojiafox/workspace/lf2026_sentry_ws/install/pb_teleop_twist_joy/share/pb_teleop_twist_joy/package.dsv
[0.437s] -- Up-to-date symlink: /home/luojiafox/workspace/lf2026_sentry_ws/install/pb_teleop_twist_joy/share/ament_index/resource_index/packages/pb_teleop_twist_joy
[0.440s] -- Up-to-date symlink: /home/luojiafox/workspace/lf2026_sentry_ws/install/pb_teleop_twist_joy/share/ament_index/resource_index/rclcpp_components/pb_teleop_twist_joy
[0.440s] -- Up-to-date symlink: /home/luojiafox/workspace/lf2026_sentry_ws/install/pb_teleop_twist_joy/share/pb_teleop_twist_joy/cmake/ament_cmake_export_dependencies-extras.cmake
[0.441s] -- Up-to-date symlink: /home/luojiafox/workspace/lf2026_sentry_ws/install/pb_teleop_twist_joy/share/pb_teleop_twist_joy/cmake/ament_cmake_export_include_directories-extras.cmake
[0.442s] -- Up-to-date symlink: /home/luojiafox/workspace/lf2026_sentry_ws/install/pb_teleop_twist_joy/share/pb_teleop_twist_joy/cmake/ament_cmake_export_libraries-extras.cmake
[0.442s] -- Up-to-date symlink: /home/luojiafox/workspace/lf2026_sentry_ws/install/pb_teleop_twist_joy/share/pb_teleop_twist_joy/cmake/pb_teleop_twist_joyConfig.cmake
[0.442s] -- Up-to-date symlink: /home/luojiafox/workspace/lf2026_sentry_ws/install/pb_teleop_twist_joy/share/pb_teleop_twist_joy/cmake/pb_teleop_twist_joyConfig-version.cmake
[0.442s] -- Up-to-date symlink: /home/luojiafox/workspace/lf2026_sentry_ws/install/pb_teleop_twist_joy/share/pb_teleop_twist_joy/package.xml
[0.515s] Invoked command in '/home/luojiafox/workspace/lf2026_sentry_ws/build/pb_teleop_twist_joy' returned '0': CMAKE_PREFIX_PATH=${CMAKE_PREFIX_PATH}:/home/luojiafox/workspace/lf2026_sentry_ws/install/publish_anything_ros2_gui:/opt/ros/humble VIRTUAL_ENV_PROMPT=(rosvenv) /usr/bin/cmake --install /home/luojiafox/workspace/lf2026_sentry_ws/build/pb_teleop_twist_joy
