[0.079s] Invoking command in '/home/luojiafox/workspace/lf2026_sentry_ws/build/fake_vel_transform': CMAKE_PREFIX_PATH=${CMAKE_PREFIX_PATH}:/home/luojiafox/workspace/lf2026_sentry_ws/install/publish_anything_ros2_gui:/opt/ros/humble VIRTUAL_ENV_PROMPT=(rosvenv) /usr/bin/cmake --build /home/luojiafox/workspace/lf2026_sentry_ws/build/fake_vel_transform -- -j22 -l22
[0.139s] [35m[1mConsolidate compiler generated dependencies of target fake_vel_transform_node[0m
[0.139s] [35m[1mConsolidate compiler generated dependencies of target fake_vel_transform[0m
[0.139s] [ 50%] Built target fake_vel_transform_node
[0.139s] [100%] Built target fake_vel_transform
[0.431s] Invoked command in '/home/luojiafox/workspace/lf2026_sentry_ws/build/fake_vel_transform' returned '0': CMAKE_PREFIX_PATH=${CMAKE_PREFIX_PATH}:/home/luojiafox/workspace/lf2026_sentry_ws/install/publish_anything_ros2_gui:/opt/ros/humble VIRTUAL_ENV_PROMPT=(rosvenv) /usr/bin/cmake --build /home/luojiafox/workspace/lf2026_sentry_ws/build/fake_vel_transform -- -j22 -l22
[0.440s] Invoking command in '/home/luojiafox/workspace/lf2026_sentry_ws/build/fake_vel_transform': CMAKE_PREFIX_PATH=${CMAKE_PREFIX_PATH}:/home/luojiafox/workspace/lf2026_sentry_ws/install/publish_anything_ros2_gui:/opt/ros/humble VIRTUAL_ENV_PROMPT=(rosvenv) /usr/bin/cmake --install /home/luojiafox/workspace/lf2026_sentry_ws/build/fake_vel_transform
[0.468s] -- Install configuration: "Release"
[0.468s] -- Execute custom install script
[0.468s] -- Up-to-date symlink: /home/luojiafox/workspace/lf2026_sentry_ws/install/fake_vel_transform/lib/fake_vel_transform/fake_vel_transform_node
[0.468s] -- Up-to-date symlink: /home/luojiafox/workspace/lf2026_sentry_ws/install/fake_vel_transform/include/fake_vel_transform/fake_vel_transform.hpp
[0.468s] -- Up-to-date symlink: /home/luojiafox/workspace/lf2026_sentry_ws/install/fake_vel_transform/share/fake_vel_transform/environment/library_path.sh
[0.468s] -- Up-to-date symlink: /home/luojiafox/workspace/lf2026_sentry_ws/install/fake_vel_transform/share/fake_vel_transform/environment/library_path.dsv
[0.468s] -- Up-to-date symlink: /home/luojiafox/workspace/lf2026_sentry_ws/install/fake_vel_transform/lib/libfake_vel_transform.so
[0.468s] -- Up-to-date symlink: /home/luojiafox/workspace/lf2026_sentry_ws/install/fake_vel_transform/share/fake_vel_transform/launch/fake_vel_transform_launch.py
[0.468s] -- Up-to-date symlink: /home/luojiafox/workspace/lf2026_sentry_ws/install/fake_vel_transform/share/ament_index/resource_index/package_run_dependencies/fake_vel_transform
[0.468s] -- Up-to-date symlink: /home/luojiafox/workspace/lf2026_sentry_ws/install/fake_vel_transform/share/ament_index/resource_index/parent_prefix_path/fake_vel_transform
[0.468s] -- Up-to-date symlink: /home/luojiafox/workspace/lf2026_sentry_ws/install/fake_vel_transform/share/fake_vel_transform/environment/ament_prefix_path.sh
[0.468s] -- Up-to-date symlink: /home/luojiafox/workspace/lf2026_sentry_ws/install/fake_vel_transform/share/fake_vel_transform/environment/ament_prefix_path.dsv
[0.468s] -- Up-to-date symlink: /home/luojiafox/workspace/lf2026_sentry_ws/install/fake_vel_transform/share/fake_vel_transform/environment/path.sh
[0.468s] -- Up-to-date symlink: /home/luojiafox/workspace/lf2026_sentry_ws/install/fake_vel_transform/share/fake_vel_transform/environment/path.dsv
[0.470s] -- Up-to-date symlink: /home/luojiafox/workspace/lf2026_sentry_ws/install/fake_vel_transform/share/fake_vel_transform/local_setup.bash
[0.470s] -- Up-to-date symlink: /home/luojiafox/workspace/lf2026_sentry_ws/install/fake_vel_transform/share/fake_vel_transform/local_setup.sh
[0.470s] -- Up-to-date symlink: /home/luojiafox/workspace/lf2026_sentry_ws/install/fake_vel_transform/share/fake_vel_transform/local_setup.zsh
[0.470s] -- Up-to-date symlink: /home/luojiafox/workspace/lf2026_sentry_ws/install/fake_vel_transform/share/fake_vel_transform/local_setup.dsv
[0.470s] -- Symlinking: /home/luojiafox/workspace/lf2026_sentry_ws/install/fake_vel_transform/share/fake_vel_transform/package.dsv
[0.470s] -- Up-to-date symlink: /home/luojiafox/workspace/lf2026_sentry_ws/install/fake_vel_transform/share/ament_index/resource_index/packages/fake_vel_transform
[0.470s] -- Up-to-date symlink: /home/luojiafox/workspace/lf2026_sentry_ws/install/fake_vel_transform/share/ament_index/resource_index/rclcpp_components/fake_vel_transform
[0.470s] -- Up-to-date symlink: /home/luojiafox/workspace/lf2026_sentry_ws/install/fake_vel_transform/share/fake_vel_transform/cmake/ament_cmake_export_dependencies-extras.cmake
[0.470s] -- Up-to-date symlink: /home/luojiafox/workspace/lf2026_sentry_ws/install/fake_vel_transform/share/fake_vel_transform/cmake/ament_cmake_export_include_directories-extras.cmake
[0.470s] -- Up-to-date symlink: /home/luojiafox/workspace/lf2026_sentry_ws/install/fake_vel_transform/share/fake_vel_transform/cmake/ament_cmake_export_libraries-extras.cmake
[0.470s] -- Up-to-date symlink: /home/luojiafox/workspace/lf2026_sentry_ws/install/fake_vel_transform/share/fake_vel_transform/cmake/fake_vel_transformConfig.cmake
[0.470s] -- Up-to-date symlink: /home/luojiafox/workspace/lf2026_sentry_ws/install/fake_vel_transform/share/fake_vel_transform/cmake/fake_vel_transformConfig-version.cmake
[0.470s] -- Up-to-date symlink: /home/luojiafox/workspace/lf2026_sentry_ws/install/fake_vel_transform/share/fake_vel_transform/package.xml
[0.507s] Invoked command in '/home/luojiafox/workspace/lf2026_sentry_ws/build/fake_vel_transform' returned '0': CMAKE_PREFIX_PATH=${CMAKE_PREFIX_PATH}:/home/luojiafox/workspace/lf2026_sentry_ws/install/publish_anything_ros2_gui:/opt/ros/humble VIRTUAL_ENV_PROMPT=(rosvenv) /usr/bin/cmake --install /home/luojiafox/workspace/lf2026_sentry_ws/build/fake_vel_transform
